Using pre-set license
Built from '2021.3/release' branch; Version is '2021.3.27f1 (ca3ffb99bcc6) revision 13254651'; Using compiler version '192829333'; Build Type 'Release'
OS: 'Windows 11  (10.0.22621) 64bit Professional' Language: 'ru' Physical Memory: 15961 MB
BatchMode: 1, IsHumanControllingUs: 0, StartBugReporterOnCrash: 0, Is64bit: 1, IsPro: 1

COMMAND LINE ARGUMENTS:
D:\2021.3.27f1\Editor\Unity.exe
-adb2
-batchMode
-noUpm
-name
AssetImportWorker2
-projectPath
D:/ZomBox/ZomBox
-logFile
Logs/AssetImportWorker2.log
-srvPort
53772
Successfully changed project path to: D:/ZomBox/ZomBox
D:/ZomBox/ZomBox
[UnityMemory] Configuration Parameters - Can be set up in boot.config
    "memorysetup-bucket-allocator-granularity=16"
    "memorysetup-bucket-allocator-bucket-count=8"
    "memorysetup-bucket-allocator-block-size=33554432"
    "memorysetup-bucket-allocator-block-count=8"
    "memorysetup-main-allocator-block-size=16777216"
    "memorysetup-thread-allocator-block-size=16777216"
    "memorysetup-gfx-main-allocator-block-size=16777216"
    "memorysetup-gfx-thread-allocator-block-size=16777216"
    "memorysetup-cache-allocator-block-size=4194304"
    "memorysetup-typetree-allocator-block-size=2097152"
    "memorysetup-profiler-bucket-allocator-granularity=16"
    "memorysetup-profiler-bucket-allocator-bucket-count=8"
    "memorysetup-profiler-bucket-allocator-block-size=33554432"
    "memorysetup-profiler-bucket-allocator-block-count=8"
    "memorysetup-profiler-allocator-block-size=16777216"
    "memorysetup-profiler-editor-allocator-block-size=1048576"
    "memorysetup-temp-allocator-size-main=16777216"
    "memorysetup-job-temp-allocator-block-size=2097152"
    "memorysetup-job-temp-allocator-block-size-background=1048576"
    "memorysetup-job-temp-allocator-reduction-small-platforms=262144"
    "memorysetup-temp-allocator-size-background-worker=32768"
    "memorysetup-temp-allocator-size-job-worker=262144"
    "memorysetup-temp-allocator-size-preload-manager=33554432"
    "memorysetup-temp-allocator-size-nav-mesh-worker=65536"
    "memorysetup-temp-allocator-size-audio-worker=65536"
    "memorysetup-temp-allocator-size-cloud-worker=32768"
    "memorysetup-temp-allocator-size-gi-baking-worker=262144"
    "memorysetup-temp-allocator-size-gfx=262144"
Player connection [16920] Host "[IP] 192.168.31.135 [Port] 0 [Flags] 2 [Guid] 2691500524 [EditorId] 2691500524 [Version] 1048832 [Id] WindowsEditor(7,PC) [Debug] 1 [PackageName] WindowsEditor [ProjectName] Editor" joined multi-casting on [225.0.0.222:54997]...

Player connection [16920] Host "[IP] 192.168.31.135 [Port] 0 [Flags] 2 [Guid] 2691500524 [EditorId] 2691500524 [Version] 1048832 [Id] WindowsEditor(7,PC) [Debug] 1 [PackageName] WindowsEditor [ProjectName] Editor" joined alternative multi-casting on [225.0.0.222:34997]...

Refreshing native plugins compatible for Editor in 84.02 ms, found 6 plugins.
Preloading 0 native plugins for Editor in 0.00 ms.
Initialize engine version: 2021.3.27f1 (ca3ffb99bcc6)
[Subsystems] Discovering subsystems at path D:/2021.3.27f1/Editor/Data/Resources/UnitySubsystems
[Subsystems] Discovering subsystems at path D:/ZomBox/ZomBox/Assets
GfxDevice: creating device client; threaded=0; jobified=0
Direct3D:
    Version:  Direct3D 11.0 [level 11.1]
    Renderer: NVIDIA GeForce RTX 3060 Laptop GPU (ID=0x2520)
    Vendor:   NVIDIA
    VRAM:     6009 MB
    Driver:   31.0.15.3713
Initialize mono
Mono path[0] = 'D:/2021.3.27f1/Editor/Data/Managed'
Mono path[1] = 'D:/2021.3.27f1/Editor/Data/MonoBleedingEdge/lib/mono/unityjit-win32'
Mono config path = 'D:/2021.3.27f1/Editor/Data/MonoBleedingEdge/etc'
Using monoOptions --debugger-agent=transport=dt_socket,embedding=1,server=y,suspend=n,address=127.0.0.1:56796
Begin MonoManager ReloadAssembly
Registering precompiled unity dll's ...
Register platform support module: D:/2021.3.27f1/Editor/Data/PlaybackEngines/WindowsStandaloneSupport/UnityEditor.WindowsStandalone.Extensions.dll
Registered in 0.001132 seconds.
Native extension for WindowsStandalone target not found
Refreshing native plugins compatible for Editor in 70.56 ms, found 6 plugins.
Preloading 0 native plugins for Editor in 0.00 ms.
Mono: successfully reloaded assembly
- Completed reload, in  0.595 seconds
Domain Reload Profiling:
	ReloadAssembly (595ms)
		BeginReloadAssembly (79ms)
			ExecutionOrderSort (0ms)
			DisableScriptedObjects (0ms)
			BackupInstance (0ms)
			ReleaseScriptingObjects (0ms)
			CreateAndSetChildDomain (1ms)
		EndReloadAssembly (415ms)
			LoadAssemblies (79ms)
			RebuildTransferFunctionScriptingTraits (0ms)
			SetupTypeCache (126ms)
			ReleaseScriptCaches (0ms)
			RebuildScriptCaches (36ms)
			SetupLoadedEditorAssemblies (203ms)
				LogAssemblyErrors (0ms)
				InitializePlatformSupportModulesInManaged (8ms)
				SetLoadedEditorAssemblies (1ms)
				RefreshPlugins (71ms)
				BeforeProcessingInitializeOnLoad (2ms)
				ProcessInitializeOnLoadAttributes (90ms)
				ProcessInitializeOnLoadMethodAttributes (32ms)
				AfterProcessingInitializeOnLoad (0ms)
				EditorAssembliesLoaded (0ms)
			ExecutionOrderSort2 (0ms)
			AwakeInstancesAfterBackupRestoration (0ms)
Platform modules already initialized, skipping
Registering precompiled user dll's ...
Registered in 0.002449 seconds.
Begin MonoManager ReloadAssembly
Symbol file LoadedFromMemory doesn't match image D:\ZomBox\ZomBox\Library\PackageCache\com.unity.visualscripting@1.8.0\Editor\VisualScripting.Core\Dependencies\YamlDotNet\Unity.VisualScripting.YamlDotNet.dll
Symbol file LoadedFromMemory doesn't match image D:\ZomBox\ZomBox\Library\PackageCache\com.unity.visualscripting@1.8.0\Editor\VisualScripting.Core\Dependencies\DotNetZip\Unity.VisualScripting.IonicZip.dll
Native extension for WindowsStandalone target not found
Refreshing native plugins compatible for Editor in 0.73 ms, found 6 plugins.
Preloading 0 native plugins for Editor in 0.00 ms.
Package Manager log level set to [2]
Mono: successfully reloaded assembly
- Completed reload, in  0.724 seconds
Domain Reload Profiling:
	ReloadAssembly (724ms)
		BeginReloadAssembly (80ms)
			ExecutionOrderSort (0ms)
			DisableScriptedObjects (4ms)
			BackupInstance (0ms)
			ReleaseScriptingObjects (0ms)
			CreateAndSetChildDomain (15ms)
		EndReloadAssembly (575ms)
			LoadAssemblies (57ms)
			RebuildTransferFunctionScriptingTraits (0ms)
			SetupTypeCache (209ms)
			ReleaseScriptCaches (1ms)
			RebuildScriptCaches (42ms)
			SetupLoadedEditorAssemblies (239ms)
				LogAssemblyErrors (0ms)
				InitializePlatformSupportModulesInManaged (5ms)
				SetLoadedEditorAssemblies (0ms)
				RefreshPlugins (1ms)
				BeforeProcessingInitializeOnLoad (57ms)
				ProcessInitializeOnLoadAttributes (161ms)
				ProcessInitializeOnLoadMethodAttributes (14ms)
				AfterProcessingInitializeOnLoad (1ms)
				EditorAssembliesLoaded (0ms)
			ExecutionOrderSort2 (0ms)
			AwakeInstancesAfterBackupRestoration (4ms)
Platform modules already initialized, skipping
========================================================================
Worker process is ready to serve import requests
Launched and connected shader compiler UnityShaderCompiler.exe after 0.04 seconds
Refreshing native plugins compatible for Editor in 2.03 ms, found 6 plugins.
Preloading 0 native plugins for Editor in 0.00 ms.
Unloading 3469 Unused Serialized files (Serialized files now loaded: 0)
Unloading 25 unused Assets / (47.8 KB). Loaded Objects now: 3951.
Memory consumption went from 133.2 MB to 133.2 MB.
Total: 4.763200 ms (FindLiveObjects: 0.622000 ms CreateObjectMapping: 0.323400 ms MarkObjects: 3.660700 ms  DeleteObjects: 0.155400 ms)

AssetImportParameters requested are different than current active one (requested -> active):
  custom:video-decoder-ogg-theora: a1e56fd34408186e4bbccfd4996cb3dc -> 
  custom:container-muxer-webm: aa71ff27fc2769a1b78a27578f13a17b -> 
  custom:container-demuxer-webm: 4f35f7cbe854078d1ac9338744f61a02 -> 
  custom:video-encoder-webm-vp8: eb34c28f22e8b96e1ab97ce403110664 -> 
  custom:video-codec-MediaFoundation-h265: 746d11721c4dcdbdad8f713fa42b33f4 -> 
  custom:audio-encoder-webm-vorbis: bf7c407c2cedff20999df2af8eb42d56 -> 
  custom:framework-win-MediaFoundation: 216162199b28c13a410421893ffa2e32 -> 
  custom:container-demuxer-ogg: 62fdf1f143b41e24485cea50d1cbac27 -> 
  custom:video-decoder-webm-vp8: 9c59270c3fd7afecdb556c50c9e8de78 -> 
  custom:audio-decoder-ogg-vorbis: bf7c407c2cedff20999df2af8eb42d56 -> 
========================================================================
Received Import Request.
  Time since last request: 5110.939485 seconds.
  path: Assets/SteamVR/InteractionSystem/Poses/HappyBallPoseSqueezed.asset
  artifactKey: Guid(6dc41a1d6d2a48e41a7adc3e27f1a9ff) Importer(815301076,1909f56bfc062723c751e8b465ee728b)
Start importing Assets/SteamVR/InteractionSystem/Poses/HappyBallPoseSqueezed.asset using Guid(6dc41a1d6d2a48e41a7adc3e27f1a9ff) Importer(815301076,1909f56bfc062723c751e8b465ee728b)  -> (artifact id: '31654b18f7a83a9f83112c5dc7574046') in 0.038093 seconds 
========================================================================
Received Import Request.
  Time since last request: 0.000048 seconds.
  path: Assets/KriptoFX/MuzzleFlashes/Models/Demo/Materials/M4A1 Sopmod Magazine Diffuse.png
  artifactKey: Guid(75d72e28207604846a39d8c09bfe89a0) Importer(815301076,1909f56bfc062723c751e8b465ee728b)
Start importing Assets/KriptoFX/MuzzleFlashes/Models/Demo/Materials/M4A1 Sopmod Magazine Diffuse.png using Guid(75d72e28207604846a39d8c09bfe89a0) Importer(815301076,1909f56bfc062723c751e8b465ee728b)  -> (artifact id: '71e7515dd20012ba8375235b9a3bd69a') in 0.047356 seconds 
========================================================================
Received Import Request.
  Time since last request: 0.000033 seconds.
  path: Assets/KriptoFX/MuzzleFlashes/Prefab/MuzzleFlashes/Mobile/MuzzleFlash10.prefab
  artifactKey: Guid(270e986d1e20843438082183f2324018) Importer(815301076,1909f56bfc062723c751e8b465ee728b)
Start importing Assets/KriptoFX/MuzzleFlashes/Prefab/MuzzleFlashes/Mobile/MuzzleFlash10.prefab using Guid(270e986d1e20843438082183f2324018) Importer(815301076,1909f56bfc062723c751e8b465ee728b)  -> (artifact id: 'eb5ffb19e6d42d54b9780120cd21d0ba') in 0.097548 seconds 
========================================================================
Received Import Request.
  Time since last request: 0.000045 seconds.
  path: Assets/KriptoFX/MuzzleFlashes/Prefab/MuzzleFlashes/MuzzleFlash4.prefab
  artifactKey: Guid(8ff371e17619a504b9822fc6a2facdb2) Importer(815301076,1909f56bfc062723c751e8b465ee728b)
Start importing Assets/KriptoFX/MuzzleFlashes/Prefab/MuzzleFlashes/MuzzleFlash4.prefab using Guid(8ff371e17619a504b9822fc6a2facdb2) Importer(815301076,1909f56bfc062723c751e8b465ee728b)  -> (artifact id: 'e2e2934b7d96060ef032cd3b4a1c70ca') in 0.031840 seconds 
========================================================================
Received Import Request.
  Time since last request: 0.000047 seconds.
  path: Assets/KriptoFX/MuzzleFlashes/Prefab/MuzzleFlashes/Mobile/MuzzleFlash4.prefab
  artifactKey: Guid(54c6cbb0345b562429527ec1b4f6cb37) Importer(815301076,1909f56bfc062723c751e8b465ee728b)
Start importing Assets/KriptoFX/MuzzleFlashes/Prefab/MuzzleFlashes/Mobile/MuzzleFlash4.prefab using Guid(54c6cbb0345b562429527ec1b4f6cb37) Importer(815301076,1909f56bfc062723c751e8b465ee728b)  -> (artifact id: 'bede56e976e564a1846c938f9648ccff') in 0.026168 seconds 
========================================================================
Received Import Request.
  Time since last request: 0.000033 seconds.
  path: Assets/KriptoFX/MuzzleFlashes/Models/Demo/Materials/M4A1 Sopmod Magazine Diffuse.mat
  artifactKey: Guid(3603147297ee54a4d8d203e1d6e518e2) Importer(815301076,1909f56bfc062723c751e8b465ee728b)
Start importing Assets/KriptoFX/MuzzleFlashes/Models/Demo/Materials/M4A1 Sopmod Magazine Diffuse.mat using Guid(3603147297ee54a4d8d203e1d6e518e2) Importer(815301076,1909f56bfc062723c751e8b465ee728b)  -> (artifact id: '2de6e04afa38f24f6ee11a4ae1357f77') in 0.064637 seconds 
========================================================================
Received Import Request.
  Time since last request: 0.000028 seconds.
  path: Assets/KriptoFX/MuzzleFlashes/Prefab/MuzzleFlashes/Mobile/MuzzleFlash3.prefab
  artifactKey: Guid(a9053ac253b0e0d4394e96a67adf0b6f) Importer(815301076,1909f56bfc062723c751e8b465ee728b)
Start importing Assets/KriptoFX/MuzzleFlashes/Prefab/MuzzleFlashes/Mobile/MuzzleFlash3.prefab using Guid(a9053ac253b0e0d4394e96a67adf0b6f) Importer(815301076,1909f56bfc062723c751e8b465ee728b)  -> (artifact id: 'e26251c4461cbc1f73d644eff27a7238') in 0.022792 seconds 
========================================================================
Received Import Request.
  Time since last request: 0.000035 seconds.
  path: Assets/KriptoFX/MuzzleFlashes/Textures/Effects/Muzzle/MuzzleFlash4.png
  artifactKey: Guid(7772c1b4715d18345adea75ca458647f) Importer(815301076,1909f56bfc062723c751e8b465ee728b)
Start importing Assets/KriptoFX/MuzzleFlashes/Textures/Effects/Muzzle/MuzzleFlash4.png using Guid(7772c1b4715d18345adea75ca458647f) Importer(815301076,1909f56bfc062723c751e8b465ee728b)  -> (artifact id: '46670173c8bb1ad1eaae04fe025fa932') in 0.010286 seconds 
========================================================================
Received Import Request.
  Time since last request: 0.000042 seconds.
  path: Assets/KriptoFX/MuzzleFlashes/Prefab/MuzzleFlashes/Mobile/MuzzleFlash6.prefab
  artifactKey: Guid(1f6cd59b6cb9b30479cb9701829d3c16) Importer(815301076,1909f56bfc062723c751e8b465ee728b)
Start importing Assets/KriptoFX/MuzzleFlashes/Prefab/MuzzleFlashes/Mobile/MuzzleFlash6.prefab using Guid(1f6cd59b6cb9b30479cb9701829d3c16) Importer(815301076,1909f56bfc062723c751e8b465ee728b)  -> (artifact id: '9081444416bf0421c01e12a40dddad68') in 0.029080 seconds 
========================================================================
Received Import Request.
  Time since last request: 0.000024 seconds.
  path: Assets/KriptoFX/MuzzleFlashes/Prefab/MuzzleFlashes/MuzzleFlash5.prefab
  artifactKey: Guid(fa6d29df930056640bf15fb9b6a54e4a) Importer(815301076,1909f56bfc062723c751e8b465ee728b)
Start importing Assets/KriptoFX/MuzzleFlashes/Prefab/MuzzleFlashes/MuzzleFlash5.prefab using Guid(fa6d29df930056640bf15fb9b6a54e4a) Importer(815301076,1909f56bfc062723c751e8b465ee728b)  -> (artifact id: '30ce665045c14eef7aafa6dd46bd829e') in 0.031976 seconds 
========================================================================
Received Import Request.
  Time since last request: 0.000069 seconds.
  path: Assets/KriptoFX/MuzzleFlashes/Prefab/MuzzleFlashes/MuzzleFlash1.prefab
  artifactKey: Guid(1f389bb139e76154582cf3c5e4f9214b) Importer(815301076,1909f56bfc062723c751e8b465ee728b)
Start importing Assets/KriptoFX/MuzzleFlashes/Prefab/MuzzleFlashes/MuzzleFlash1.prefab using Guid(1f389bb139e76154582cf3c5e4f9214b) Importer(815301076,1909f56bfc062723c751e8b465ee728b)  -> (artifact id: 'e793d77058a8d3ed3c41c3136aa0dc90') in 0.027066 seconds 
========================================================================
Received Import Request.
  Time since last request: 0.000079 seconds.
  path: Assets/KriptoFX/MuzzleFlashes/Prefab/MuzzleFlashes/Mobile/MuzzleFlash5.prefab
  artifactKey: Guid(9817249ba0956464da55ce1de9ae9c30) Importer(815301076,1909f56bfc062723c751e8b465ee728b)
Start importing Assets/KriptoFX/MuzzleFlashes/Prefab/MuzzleFlashes/Mobile/MuzzleFlash5.prefab using Guid(9817249ba0956464da55ce1de9ae9c30) Importer(815301076,1909f56bfc062723c751e8b465ee728b)  -> (artifact id: '112decda99c6659ad4597d697b8d3db4') in 0.027204 seconds 
========================================================================
Received Import Request.
  Time since last request: 10.072871 seconds.
  path: Assets/Scripts/Zombie.cs
  artifactKey: Guid(f70952e6f47cd314eaa6743868714357) Importer(815301076,1909f56bfc062723c751e8b465ee728b)
Start importing Assets/Scripts/Zombie.cs using Guid(f70952e6f47cd314eaa6743868714357) Importer(815301076,1909f56bfc062723c751e8b465ee728b)  -> (artifact id: '6ba8daa6293bd30838d894e3d356405c') in 0.045513 seconds 
========================================================================
Received Import Request.
  Time since last request: 489.563723 seconds.
  path: Assets/Prefab/Player.prefab
  artifactKey: Guid(2e66c7c482fd4b742be099bc823457fc) Importer(815301076,1909f56bfc062723c751e8b465ee728b)
Start importing Assets/Prefab/Player.prefab using Guid(2e66c7c482fd4b742be099bc823457fc) Importer(815301076,1909f56bfc062723c751e8b465ee728b) InvalidCastException: Specified cast is not valid.
  at (wrapper castclass) System.Object.__castclass_with_cache(object,intptr,intptr)
  at Valve.VR.SteamVR_Input.GetActionDataFromPath[T] (System.String path, System.Boolean caseSensitive) [0x00011] in D:\ZomBox\ZomBox\Assets\SteamVR\Input\SteamVR_Input.cs:452 
  at Valve.VR.SteamVR_Action`2[SourceMap,SourceElement].Initialize (System.Boolean createNew, System.Boolean throwErrors) [0x00024] in D:\ZomBox\ZomBox\Assets\SteamVR\Input\SteamVR_Action.cs:172 
  at Valve.VR.SteamVR_Action`2[SourceMap,SourceElement].InitAfterDeserialize () [0x00059] in D:\ZomBox\ZomBox\Assets\SteamVR\Input\SteamVR_Action.cs:228 
  at Valve.VR.SteamVR_Action_Single.UnityEngine.ISerializationCallbackReceiver.OnAfterDeserialize () [0x00000] in D:\ZomBox\ZomBox\Assets\SteamVR\Input\SteamVR_Action_Single.cs:181 

(Filename: Assets/SteamVR/Input/SteamVR_Input.cs Line: 452)

InvalidCastException: Specified cast is not valid.
  at (wrapper castclass) System.Object.__castclass_with_cache(object,intptr,intptr)
  at Valve.VR.SteamVR_Input.GetActionDataFromPath[T] (System.String path, System.Boolean caseSensitive) [0x00011] in D:\ZomBox\ZomBox\Assets\SteamVR\Input\SteamVR_Input.cs:452 
  at Valve.VR.SteamVR_Action`2[SourceMap,SourceElement].Initialize (System.Boolean createNew, System.Boolean throwErrors) [0x00024] in D:\ZomBox\ZomBox\Assets\SteamVR\Input\SteamVR_Action.cs:172 
  at Valve.VR.SteamVR_Action`2[SourceMap,SourceElement].InitAfterDeserialize () [0x00059] in D:\ZomBox\ZomBox\Assets\SteamVR\Input\SteamVR_Action.cs:228 
  at Valve.VR.SteamVR_Action_Single.UnityEngine.ISerializationCallbackReceiver.OnAfterDeserialize () [0x00000] in D:\ZomBox\ZomBox\Assets\SteamVR\Input\SteamVR_Action_Single.cs:181 

(Filename: Assets/SteamVR/Input/SteamVR_Input.cs Line: 452)

 -> (artifact id: 'cf783ef3133762b2b8d18290d4b99b82') in 0.103919 seconds 
========================================================================
Received Import Request.
  Time since last request: 3.282364 seconds.
  path: Assets/Scripts/Menu/Player.cs
  artifactKey: Guid(cc2f67a2d6dfef140a02551fb51a940f) Importer(815301076,1909f56bfc062723c751e8b465ee728b)
Start importing Assets/Scripts/Menu/Player.cs using Guid(cc2f67a2d6dfef140a02551fb51a940f) Importer(815301076,1909f56bfc062723c751e8b465ee728b)  -> (artifact id: 'ee475cf0d701eb13044a4c56711cd6db') in 0.002793 seconds 
========================================================================
Received Prepare
Registering precompiled user dll's ...
Registered in 0.002765 seconds.
Begin MonoManager ReloadAssembly
