Using pre-set license
Built from '2021.3/release' branch; Version is '2021.3.27f1 (ca3ffb99bcc6) revision 13254651'; Using compiler version '192829333'; Build Type 'Release'
OS: 'Windows 11  (10.0.22621) 64bit Professional' Language: 'ru' Physical Memory: 15960 MB
BatchMode: 1, IsHumanControllingUs: 0, StartBugReporterOnCrash: 0, Is64bit: 1, IsPro: 1

COMMAND LINE ARGUMENTS:
C:\Program Files\Unity\Hub\Editor\2021.3.27f1\Editor\Unity.exe
-adb2
-batchMode
-noUpm
-name
AssetImportWorker0
-projectPath
D:/ZomBox/ZomBox
-logFile
Logs/AssetImportWorker0.log
-srvPort
55108
Successfully changed project path to: D:/ZomBox/ZomBox
D:/ZomBox/ZomBox
[UnityMemory] Configuration Parameters - Can be set up in boot.config
    "memorysetup-bucket-allocator-granularity=16"
    "memorysetup-bucket-allocator-bucket-count=8"
    "memorysetup-bucket-allocator-block-size=33554432"
    "memorysetup-bucket-allocator-block-count=8"
    "memorysetup-main-allocator-block-size=16777216"
    "memorysetup-thread-allocator-block-size=16777216"
    "memorysetup-gfx-main-allocator-block-size=16777216"
    "memorysetup-gfx-thread-allocator-block-size=16777216"
    "memorysetup-cache-allocator-block-size=4194304"
    "memorysetup-typetree-allocator-block-size=2097152"
    "memorysetup-profiler-bucket-allocator-granularity=16"
    "memorysetup-profiler-bucket-allocator-bucket-count=8"
    "memorysetup-profiler-bucket-allocator-block-size=33554432"
    "memorysetup-profiler-bucket-allocator-block-count=8"
    "memorysetup-profiler-allocator-block-size=16777216"
    "memorysetup-profiler-editor-allocator-block-size=1048576"
    "memorysetup-temp-allocator-size-main=16777216"
    "memorysetup-job-temp-allocator-block-size=2097152"
    "memorysetup-job-temp-allocator-block-size-background=1048576"
    "memorysetup-job-temp-allocator-reduction-small-platforms=262144"
    "memorysetup-temp-allocator-size-background-worker=32768"
    "memorysetup-temp-allocator-size-job-worker=262144"
    "memorysetup-temp-allocator-size-preload-manager=33554432"
    "memorysetup-temp-allocator-size-nav-mesh-worker=65536"
    "memorysetup-temp-allocator-size-audio-worker=65536"
    "memorysetup-temp-allocator-size-cloud-worker=32768"
    "memorysetup-temp-allocator-size-gi-baking-worker=262144"
    "memorysetup-temp-allocator-size-gfx=262144"
Player connection [16508] Host "[IP] 192.168.31.244 [Port] 0 [Flags] 2 [Guid] 1136896773 [EditorId] 1136896773 [Version] 1048832 [Id] WindowsEditor(7,Vitaliy) [Debug] 1 [PackageName] WindowsEditor [ProjectName] Editor" joined multi-casting on [225.0.0.222:54997]...

Player connection [16508] Host "[IP] 192.168.31.244 [Port] 0 [Flags] 2 [Guid] 1136896773 [EditorId] 1136896773 [Version] 1048832 [Id] WindowsEditor(7,Vitaliy) [Debug] 1 [PackageName] WindowsEditor [ProjectName] Editor" joined alternative multi-casting on [225.0.0.222:34997]...

Refreshing native plugins compatible for Editor in 65.81 ms, found 6 plugins.
Preloading 0 native plugins for Editor in 0.00 ms.
Initialize engine version: 2021.3.27f1 (ca3ffb99bcc6)
[Subsystems] Discovering subsystems at path C:/Program Files/Unity/Hub/Editor/2021.3.27f1/Editor/Data/Resources/UnitySubsystems
[Subsystems] Discovering subsystems at path D:/ZomBox/ZomBox/Assets
GfxDevice: creating device client; threaded=0; jobified=0
Direct3D:
    Version:  Direct3D 11.0 [level 11.1]
    Renderer: NVIDIA GeForce RTX 3060 Laptop GPU (ID=0x2520)
    Vendor:   NVIDIA
    VRAM:     6009 MB
    Driver:   31.0.15.3742
Initialize mono
Mono path[0] = 'C:/Program Files/Unity/Hub/Editor/2021.3.27f1/Editor/Data/Managed'
Mono path[1] = 'C:/Program Files/Unity/Hub/Editor/2021.3.27f1/Editor/Data/MonoBleedingEdge/lib/mono/unityjit-win32'
Mono config path = 'C:/Program Files/Unity/Hub/Editor/2021.3.27f1/Editor/Data/MonoBleedingEdge/etc'
Using monoOptions --debugger-agent=transport=dt_socket,embedding=1,server=y,suspend=n,address=127.0.0.1:56272
Begin MonoManager ReloadAssembly
Registering precompiled unity dll's ...
Register platform support module: C:/Program Files/Unity/Hub/Editor/2021.3.27f1/Editor/Data/PlaybackEngines/WindowsStandaloneSupport/UnityEditor.WindowsStandalone.Extensions.dll
Registered in 0.002986 seconds.
Native extension for WindowsStandalone target not found
Refreshing native plugins compatible for Editor in 63.41 ms, found 6 plugins.
Preloading 0 native plugins for Editor in 0.00 ms.
Mono: successfully reloaded assembly
- Completed reload, in  0.449 seconds
Domain Reload Profiling:
	ReloadAssembly (449ms)
		BeginReloadAssembly (61ms)
			ExecutionOrderSort (0ms)
			DisableScriptedObjects (0ms)
			BackupInstance (0ms)
			ReleaseScriptingObjects (0ms)
			CreateAndSetChildDomain (0ms)
		EndReloadAssembly (319ms)
			LoadAssemblies (59ms)
			RebuildTransferFunctionScriptingTraits (0ms)
			SetupTypeCache (79ms)
			ReleaseScriptCaches (0ms)
			RebuildScriptCaches (19ms)
			SetupLoadedEditorAssemblies (183ms)
				LogAssemblyErrors (0ms)
				InitializePlatformSupportModulesInManaged (5ms)
				SetLoadedEditorAssemblies (0ms)
				RefreshPlugins (63ms)
				BeforeProcessingInitializeOnLoad (1ms)
				ProcessInitializeOnLoadAttributes (81ms)
				ProcessInitializeOnLoadMethodAttributes (33ms)
				AfterProcessingInitializeOnLoad (0ms)
				EditorAssembliesLoaded (0ms)
			ExecutionOrderSort2 (0ms)
			AwakeInstancesAfterBackupRestoration (0ms)
Platform modules already initialized, skipping
Registering precompiled user dll's ...
Registered in 0.002379 seconds.
Begin MonoManager ReloadAssembly
Symbol file LoadedFromMemory doesn't match image D:\ZomBox\ZomBox\Library\PackageCache\com.unity.visualscripting@1.8.0\Editor\VisualScripting.Core\Dependencies\YamlDotNet\Unity.VisualScripting.YamlDotNet.dll
Symbol file LoadedFromMemory doesn't match image D:\ZomBox\ZomBox\Library\PackageCache\com.unity.visualscripting@1.8.0\Editor\VisualScripting.Core\Dependencies\DotNetZip\Unity.VisualScripting.IonicZip.dll
Native extension for WindowsStandalone target not found
Refreshing native plugins compatible for Editor in 0.64 ms, found 6 plugins.
Preloading 0 native plugins for Editor in 0.00 ms.
Package Manager log level set to [2]
Mono: successfully reloaded assembly
- Completed reload, in  0.730 seconds
Domain Reload Profiling:
	ReloadAssembly (730ms)
		BeginReloadAssembly (88ms)
			ExecutionOrderSort (0ms)
			DisableScriptedObjects (4ms)
			BackupInstance (0ms)
			ReleaseScriptingObjects (0ms)
			CreateAndSetChildDomain (16ms)
		EndReloadAssembly (567ms)
			LoadAssemblies (73ms)
			RebuildTransferFunctionScriptingTraits (0ms)
			SetupTypeCache (202ms)
			ReleaseScriptCaches (1ms)
			RebuildScriptCaches (39ms)
			SetupLoadedEditorAssemblies (233ms)
				LogAssemblyErrors (0ms)
				InitializePlatformSupportModulesInManaged (3ms)
				SetLoadedEditorAssemblies (0ms)
				RefreshPlugins (1ms)
				BeforeProcessingInitializeOnLoad (55ms)
				ProcessInitializeOnLoadAttributes (156ms)
				ProcessInitializeOnLoadMethodAttributes (14ms)
				AfterProcessingInitializeOnLoad (3ms)
				EditorAssembliesLoaded (0ms)
			ExecutionOrderSort2 (0ms)
			AwakeInstancesAfterBackupRestoration (4ms)
Platform modules already initialized, skipping
========================================================================
Worker process is ready to serve import requests
Launched and connected shader compiler UnityShaderCompiler.exe after 0.03 seconds
Refreshing native plugins compatible for Editor in 1.28 ms, found 6 plugins.
Preloading 0 native plugins for Editor in 0.00 ms.
Unloading 3470 Unused Serialized files (Serialized files now loaded: 0)
Unloading 25 unused Assets / (48.3 KB). Loaded Objects now: 3954.
Memory consumption went from 134.4 MB to 134.3 MB.
Total: 4.312200 ms (FindLiveObjects: 0.416900 ms CreateObjectMapping: 0.214300 ms MarkObjects: 3.484300 ms  DeleteObjects: 0.194200 ms)

AssetImportParameters requested are different than current active one (requested -> active):
  custom:video-decoder-ogg-theora: a1e56fd34408186e4bbccfd4996cb3dc -> 
  custom:container-muxer-webm: aa71ff27fc2769a1b78a27578f13a17b -> 
  custom:container-demuxer-webm: 4f35f7cbe854078d1ac9338744f61a02 -> 
  custom:video-encoder-webm-vp8: eb34c28f22e8b96e1ab97ce403110664 -> 
  custom:video-codec-MediaFoundation-h265: 746d11721c4dcdbdad8f713fa42b33f4 -> 
  custom:audio-encoder-webm-vorbis: bf7c407c2cedff20999df2af8eb42d56 -> 
  custom:framework-win-MediaFoundation: 216162199b28c13a410421893ffa2e32 -> 
  custom:container-demuxer-ogg: 62fdf1f143b41e24485cea50d1cbac27 -> 
  custom:video-decoder-webm-vp8: 9c59270c3fd7afecdb556c50c9e8de78 -> 
  custom:audio-decoder-ogg-vorbis: bf7c407c2cedff20999df2af8eb42d56 -> 
========================================================================
Received Import Request.
  Time since last request: 83771.055855 seconds.
  path: Assets/Music/MusicGame.mp3
  artifactKey: Guid(0583420b3a2f57544b6226ac0a5af941) Importer(815301076,1909f56bfc062723c751e8b465ee728b)
Start importing Assets/Music/MusicGame.mp3 using Guid(0583420b3a2f57544b6226ac0a5af941) Importer(815301076,1909f56bfc062723c751e8b465ee728b)  -> (artifact id: 'd1a6e3fee22e0e14c9d48cdc403c619f') in 0.257048 seconds 
========================================================================
Received Prepare
Registering precompiled user dll's ...
Registered in 0.002551 seconds.
Begin MonoManager ReloadAssembly
Symbol file LoadedFromMemory doesn't match image D:\ZomBox\ZomBox\Library\PackageCache\com.unity.visualscripting@1.8.0\Editor\VisualScripting.Core\Dependencies\YamlDotNet\Unity.VisualScripting.YamlDotNet.dll
Symbol file LoadedFromMemory doesn't match image D:\ZomBox\ZomBox\Library\PackageCache\com.unity.visualscripting@1.8.0\Editor\VisualScripting.Core\Dependencies\DotNetZip\Unity.VisualScripting.IonicZip.dll
Native extension for WindowsStandalone target not found
Refreshing native plugins compatible for Editor in 0.92 ms, found 6 plugins.
Preloading 0 native plugins for Editor in 0.00 ms.
Mono: successfully reloaded assembly
- Completed reload, in  0.827 seconds
Domain Reload Profiling:
	ReloadAssembly (827ms)
		BeginReloadAssembly (117ms)
			ExecutionOrderSort (0ms)
			DisableScriptedObjects (4ms)
			BackupInstance (0ms)
			ReleaseScriptingObjects (0ms)
			CreateAndSetChildDomain (32ms)
		EndReloadAssembly (636ms)
			LoadAssemblies (73ms)
			RebuildTransferFunctionScriptingTraits (0ms)
			SetupTypeCache (233ms)
			ReleaseScriptCaches (3ms)
			RebuildScriptCaches (41ms)
			SetupLoadedEditorAssemblies (247ms)
				LogAssemblyErrors (0ms)
				InitializePlatformSupportModulesInManaged (7ms)
				SetLoadedEditorAssemblies (1ms)
				RefreshPlugins (1ms)
				BeforeProcessingInitializeOnLoad (54ms)
				ProcessInitializeOnLoadAttributes (161ms)
				ProcessInitializeOnLoadMethodAttributes (18ms)
				AfterProcessingInitializeOnLoad (5ms)
				EditorAssembliesLoaded (0ms)
			ExecutionOrderSort2 (0ms)
			AwakeInstancesAfterBackupRestoration (6ms)
Platform modules already initialized, skipping
Refreshing native plugins compatible for Editor in 1.50 ms, found 6 plugins.
Preloading 0 native plugins for Editor in 0.00 ms.
Unloading 3418 Unused Serialized files (Serialized files now loaded: 0)
Unloading 17 unused Assets / (23.0 KB). Loaded Objects now: 3968.
Memory consumption went from 134.0 MB to 134.0 MB.
Total: 2.442600 ms (FindLiveObjects: 0.224300 ms CreateObjectMapping: 0.085400 ms MarkObjects: 2.108100 ms  DeleteObjects: 0.024000 ms)

AssetImportParameters requested are different than current active one (requested -> active):
  custom:video-decoder-ogg-theora: a1e56fd34408186e4bbccfd4996cb3dc -> 
  custom:container-muxer-webm: aa71ff27fc2769a1b78a27578f13a17b -> 
  custom:container-demuxer-webm: 4f35f7cbe854078d1ac9338744f61a02 -> 
  custom:video-encoder-webm-vp8: eb34c28f22e8b96e1ab97ce403110664 -> 
  custom:video-codec-MediaFoundation-h265: 746d11721c4dcdbdad8f713fa42b33f4 -> 
  custom:audio-encoder-webm-vorbis: bf7c407c2cedff20999df2af8eb42d56 -> 
  custom:framework-win-MediaFoundation: 216162199b28c13a410421893ffa2e32 -> 
  custom:container-demuxer-ogg: 62fdf1f143b41e24485cea50d1cbac27 -> 
  custom:video-decoder-webm-vp8: 9c59270c3fd7afecdb556c50c9e8de78 -> 
  custom:audio-decoder-ogg-vorbis: bf7c407c2cedff20999df2af8eb42d56 -> 
========================================================================
Received Import Request.
  Time since last request: 292.108314 seconds.
  path: Assets/Scripts/Zombie.cs
  artifactKey: Guid(f70952e6f47cd314eaa6743868714357) Importer(815301076,1909f56bfc062723c751e8b465ee728b)
Start importing Assets/Scripts/Zombie.cs using Guid(f70952e6f47cd314eaa6743868714357) Importer(815301076,1909f56bfc062723c751e8b465ee728b)  -> (artifact id: '108bbb1fd1fe15e95445e043a0d88999') in 0.018575 seconds 
========================================================================
Received Import Request.
  Time since last request: 11.522939 seconds.
  path: Assets/Scripts/Boss.cs
  artifactKey: Guid(dcf81379209c0544e81137f8ff7c5ddf) Importer(815301076,1909f56bfc062723c751e8b465ee728b)
Start importing Assets/Scripts/Boss.cs using Guid(dcf81379209c0544e81137f8ff7c5ddf) Importer(815301076,1909f56bfc062723c751e8b465ee728b)  -> (artifact id: '20bee79f22fc6bd895a203c9d2c55235') in 0.007117 seconds 
========================================================================
Received Prepare
Registering precompiled user dll's ...
Registered in 0.002720 seconds.
Begin MonoManager ReloadAssembly
Symbol file LoadedFromMemory doesn't match image D:\ZomBox\ZomBox\Library\PackageCache\com.unity.visualscripting@1.8.0\Editor\VisualScripting.Core\Dependencies\YamlDotNet\Unity.VisualScripting.YamlDotNet.dll
Symbol file LoadedFromMemory doesn't match image D:\ZomBox\ZomBox\Library\PackageCache\com.unity.visualscripting@1.8.0\Editor\VisualScripting.Core\Dependencies\DotNetZip\Unity.VisualScripting.IonicZip.dll
Native extension for WindowsStandalone target not found
Refreshing native plugins compatible for Editor in 0.74 ms, found 6 plugins.
Preloading 0 native plugins for Editor in 0.00 ms.
Mono: successfully reloaded assembly
- Completed reload, in  0.823 seconds
Domain Reload Profiling:
	ReloadAssembly (823ms)
		BeginReloadAssembly (126ms)
			ExecutionOrderSort (0ms)
			DisableScriptedObjects (5ms)
			BackupInstance (0ms)
			ReleaseScriptingObjects (0ms)
			CreateAndSetChildDomain (36ms)
		EndReloadAssembly (618ms)
			LoadAssemblies (78ms)
			RebuildTransferFunctionScriptingTraits (0ms)
			SetupTypeCache (223ms)
			ReleaseScriptCaches (1ms)
			RebuildScriptCaches (35ms)
			SetupLoadedEditorAssemblies (254ms)
				LogAssemblyErrors (0ms)
				InitializePlatformSupportModulesInManaged (4ms)
				SetLoadedEditorAssemblies (0ms)
				RefreshPlugins (1ms)
				BeforeProcessingInitializeOnLoad (56ms)
				ProcessInitializeOnLoadAttributes (171ms)
				ProcessInitializeOnLoadMethodAttributes (18ms)
				AfterProcessingInitializeOnLoad (4ms)
				EditorAssembliesLoaded (0ms)
			ExecutionOrderSort2 (0ms)
			AwakeInstancesAfterBackupRestoration (6ms)
Platform modules already initialized, skipping
Refreshing native plugins compatible for Editor in 1.53 ms, found 6 plugins.
Preloading 0 native plugins for Editor in 0.00 ms.
Unloading 3419 Unused Serialized files (Serialized files now loaded: 0)
Unloading 17 unused Assets / (22.0 KB). Loaded Objects now: 3973.
Memory consumption went from 134.1 MB to 134.1 MB.
Total: 3.280000 ms (FindLiveObjects: 0.318000 ms CreateObjectMapping: 0.105600 ms MarkObjects: 2.831400 ms  DeleteObjects: 0.023700 ms)

AssetImportParameters requested are different than current active one (requested -> active):
  custom:video-decoder-ogg-theora: a1e56fd34408186e4bbccfd4996cb3dc -> 
  custom:container-muxer-webm: aa71ff27fc2769a1b78a27578f13a17b -> 
  custom:container-demuxer-webm: 4f35f7cbe854078d1ac9338744f61a02 -> 
  custom:video-encoder-webm-vp8: eb34c28f22e8b96e1ab97ce403110664 -> 
  custom:video-codec-MediaFoundation-h265: 746d11721c4dcdbdad8f713fa42b33f4 -> 
  custom:audio-encoder-webm-vorbis: bf7c407c2cedff20999df2af8eb42d56 -> 
  custom:framework-win-MediaFoundation: 216162199b28c13a410421893ffa2e32 -> 
  custom:container-demuxer-ogg: 62fdf1f143b41e24485cea50d1cbac27 -> 
  custom:video-decoder-webm-vp8: 9c59270c3fd7afecdb556c50c9e8de78 -> 
  custom:audio-decoder-ogg-vorbis: bf7c407c2cedff20999df2af8eb42d56 -> 
========================================================================
Received Import Request.
  Time since last request: 98.602281 seconds.
  path: Assets/Scripts/Boss.cs
  artifactKey: Guid(dcf81379209c0544e81137f8ff7c5ddf) Importer(815301076,1909f56bfc062723c751e8b465ee728b)
Start importing Assets/Scripts/Boss.cs using Guid(dcf81379209c0544e81137f8ff7c5ddf) Importer(815301076,1909f56bfc062723c751e8b465ee728b)  -> (artifact id: '0c44737e34a7cdd9aa157a3d8efaa4f7') in 0.013411 seconds 
========================================================================
Received Import Request.
  Time since last request: 23.442522 seconds.
  path: Assets/Prefab/Zombie.prefab
  artifactKey: Guid(3172f62c62d512148b934f4733d32c8c) Importer(815301076,1909f56bfc062723c751e8b465ee728b)
Start importing Assets/Prefab/Zombie.prefab using Guid(3172f62c62d512148b934f4733d32c8c) Importer(815301076,1909f56bfc062723c751e8b465ee728b)  -> (artifact id: 'd8c329bfecdd0feeae94fa07ba5affa9') in 0.101954 seconds 
========================================================================
Received Import Request.
  Time since last request: 758.721401 seconds.
  path: Assets/Prefab/Zombie 1.prefab
  artifactKey: Guid(47a8b5c3484a9b94eb7eaf1e36512b72) Importer(815301076,1909f56bfc062723c751e8b465ee728b)
Start importing Assets/Prefab/Zombie 1.prefab using Guid(47a8b5c3484a9b94eb7eaf1e36512b72) Importer(815301076,1909f56bfc062723c751e8b465ee728b)  -> (artifact id: 'f308ea6664c1b1933e0a628fc6392f41') in 0.035716 seconds 
========================================================================
Received Import Request.
  Time since last request: 6.727113 seconds.
  path: Assets/Prefab/Zombie Boss.prefab
  artifactKey: Guid(47a8b5c3484a9b94eb7eaf1e36512b72) Importer(815301076,1909f56bfc062723c751e8b465ee728b)
Start importing Assets/Prefab/Zombie Boss.prefab using Guid(47a8b5c3484a9b94eb7eaf1e36512b72) Importer(815301076,1909f56bfc062723c751e8b465ee728b)  -> (artifact id: 'f5a0c33e02e528ece15b2f37f050f19c') in 0.030036 seconds 
========================================================================
Received Import Request.
  Time since last request: 17.165696 seconds.
  path: Assets/Prefab/Zombie Boss.prefab
  artifactKey: Guid(47a8b5c3484a9b94eb7eaf1e36512b72) Importer(815301076,1909f56bfc062723c751e8b465ee728b)
Start importing Assets/Prefab/Zombie Boss.prefab using Guid(47a8b5c3484a9b94eb7eaf1e36512b72) Importer(815301076,1909f56bfc062723c751e8b465ee728b)  -> (artifact id: 'fdcbc8ec64e450eaaa6f7e1d6ff95586') in 0.024804 seconds 
========================================================================
Received Import Request.
  Time since last request: 19.306824 seconds.
  path: Assets/Prefab/Zombie Boss.prefab
  artifactKey: Guid(47a8b5c3484a9b94eb7eaf1e36512b72) Importer(815301076,1909f56bfc062723c751e8b465ee728b)
Start importing Assets/Prefab/Zombie Boss.prefab using Guid(47a8b5c3484a9b94eb7eaf1e36512b72) Importer(815301076,1909f56bfc062723c751e8b465ee728b)  -> (artifact id: '15692ef3771a3a9556811afe9988dad1') in 0.022695 seconds 
========================================================================
Received Import Request.
  Time since last request: 1.387987 seconds.
  path: Assets/Prefab/Zombie Boss.prefab
  artifactKey: Guid(47a8b5c3484a9b94eb7eaf1e36512b72) Importer(815301076,1909f56bfc062723c751e8b465ee728b)
Start importing Assets/Prefab/Zombie Boss.prefab using Guid(47a8b5c3484a9b94eb7eaf1e36512b72) Importer(815301076,1909f56bfc062723c751e8b465ee728b)  -> (artifact id: 'a6ce4bc6a6f1dd17453a4ab7f3b4f43d') in 0.024230 seconds 
========================================================================
Received Import Request.
  Time since last request: 34.894776 seconds.
  path: Assets/Scripts/Pause.cs
  artifactKey: Guid(7ded4b2600b641944bea1462145ed31b) Importer(815301076,1909f56bfc062723c751e8b465ee728b)
Start importing Assets/Scripts/Pause.cs using Guid(7ded4b2600b641944bea1462145ed31b) Importer(815301076,1909f56bfc062723c751e8b465ee728b)  -> (artifact id: '1a6b2023dc87732ff5233eb1f1c35df4') in 0.010276 seconds 
========================================================================
Received Import Request.
  Time since last request: 53.439902 seconds.
  path: Assets/Prefab/Zombie Boss.prefab
  artifactKey: Guid(47a8b5c3484a9b94eb7eaf1e36512b72) Importer(815301076,1909f56bfc062723c751e8b465ee728b)
Start importing Assets/Prefab/Zombie Boss.prefab using Guid(47a8b5c3484a9b94eb7eaf1e36512b72) Importer(815301076,1909f56bfc062723c751e8b465ee728b)  -> (artifact id: '13621a751f736effd447acfdd7da458a') in 0.026132 seconds 
========================================================================
Received Import Request.
  Time since last request: 751.255804 seconds.
  path: Assets/Prefab/Zombie Boss.prefab
  artifactKey: Guid(47a8b5c3484a9b94eb7eaf1e36512b72) Importer(815301076,1909f56bfc062723c751e8b465ee728b)
Start importing Assets/Prefab/Zombie Boss.prefab using Guid(47a8b5c3484a9b94eb7eaf1e36512b72) Importer(815301076,1909f56bfc062723c751e8b465ee728b)  -> (artifact id: '7538173a180f93fa177a47f5bfc8d0c4') in 0.027468 seconds 
========================================================================
Received Import Request.
  Time since last request: 418.776313 seconds.
  path: Assets/Prefab/Zombie Boss.prefab
  artifactKey: Guid(47a8b5c3484a9b94eb7eaf1e36512b72) Importer(815301076,1909f56bfc062723c751e8b465ee728b)
Start importing Assets/Prefab/Zombie Boss.prefab using Guid(47a8b5c3484a9b94eb7eaf1e36512b72) Importer(815301076,1909f56bfc062723c751e8b465ee728b)  -> (artifact id: 'cad5aa9154740085f8b7b51af7b7f281') in 0.029755 seconds 
========================================================================
Received Import Request.
  Time since last request: 3.377450 seconds.
  path: Assets/Prefab/Zombie Boss.prefab
  artifactKey: Guid(47a8b5c3484a9b94eb7eaf1e36512b72) Importer(815301076,1909f56bfc062723c751e8b465ee728b)
Start importing Assets/Prefab/Zombie Boss.prefab using Guid(47a8b5c3484a9b94eb7eaf1e36512b72) Importer(815301076,1909f56bfc062723c751e8b465ee728b)  -> (artifact id: '13e4c86a6a600980eca92e05bcdb7059') in 0.022570 seconds 
========================================================================
Received Import Request.
  Time since last request: 13.470529 seconds.
  path: Assets/Prefab/Zombie Boss.prefab
  artifactKey: Guid(47a8b5c3484a9b94eb7eaf1e36512b72) Importer(815301076,1909f56bfc062723c751e8b465ee728b)
Start importing Assets/Prefab/Zombie Boss.prefab using Guid(47a8b5c3484a9b94eb7eaf1e36512b72) Importer(815301076,1909f56bfc062723c751e8b465ee728b)  -> (artifact id: '6bbe4dc87341ec51fb3675d115506c06') in 0.023060 seconds 
========================================================================
Received Import Request.
  Time since last request: 11.058261 seconds.
  path: Assets/Prefab/Zombie Boss.prefab
  artifactKey: Guid(47a8b5c3484a9b94eb7eaf1e36512b72) Importer(815301076,1909f56bfc062723c751e8b465ee728b)
Start importing Assets/Prefab/Zombie Boss.prefab using Guid(47a8b5c3484a9b94eb7eaf1e36512b72) Importer(815301076,1909f56bfc062723c751e8b465ee728b)  -> (artifact id: '1a986992f77ead565029886f1ba3c47f') in 0.021230 seconds 
========================================================================
Received Import Request.
  Time since last request: 25.421857 seconds.
  path: Assets/Prefab/Zombie Boss.prefab
  artifactKey: Guid(47a8b5c3484a9b94eb7eaf1e36512b72) Importer(815301076,1909f56bfc062723c751e8b465ee728b)
Start importing Assets/Prefab/Zombie Boss.prefab using Guid(47a8b5c3484a9b94eb7eaf1e36512b72) Importer(815301076,1909f56bfc062723c751e8b465ee728b)  -> (artifact id: 'f1978f3d439d793d11bd09a8483eb285') in 0.023860 seconds 
========================================================================
Received Import Request.
  Time since last request: 206.146174 seconds.
  path: Assets/Prefab/Zombie Boss.prefab
  artifactKey: Guid(47a8b5c3484a9b94eb7eaf1e36512b72) Importer(815301076,1909f56bfc062723c751e8b465ee728b)
Start importing Assets/Prefab/Zombie Boss.prefab using Guid(47a8b5c3484a9b94eb7eaf1e36512b72) Importer(815301076,1909f56bfc062723c751e8b465ee728b)  -> (artifact id: 'bf93b30946d589321dfd592e1b11cc67') in 0.027732 seconds 
========================================================================
Received Prepare
Registering precompiled user dll's ...
Registered in 0.002361 seconds.
Begin MonoManager ReloadAssembly
Symbol file LoadedFromMemory doesn't match image D:\ZomBox\ZomBox\Library\PackageCache\com.unity.visualscripting@1.8.0\Editor\VisualScripting.Core\Dependencies\YamlDotNet\Unity.VisualScripting.YamlDotNet.dll
Symbol file LoadedFromMemory doesn't match image D:\ZomBox\ZomBox\Library\PackageCache\com.unity.visualscripting@1.8.0\Editor\VisualScripting.Core\Dependencies\DotNetZip\Unity.VisualScripting.IonicZip.dll
Native extension for WindowsStandalone target not found
Refreshing native plugins compatible for Editor in 0.72 ms, found 6 plugins.
Preloading 0 native plugins for Editor in 0.00 ms.
Mono: successfully reloaded assembly
- Completed reload, in  0.879 seconds
Domain Reload Profiling:
	ReloadAssembly (880ms)
		BeginReloadAssembly (129ms)
			ExecutionOrderSort (0ms)
			DisableScriptedObjects (4ms)
			BackupInstance (0ms)
			ReleaseScriptingObjects (0ms)
			CreateAndSetChildDomain (38ms)
		EndReloadAssembly (676ms)
			LoadAssemblies (90ms)
			RebuildTransferFunctionScriptingTraits (0ms)
			SetupTypeCache (262ms)
			ReleaseScriptCaches (1ms)
			RebuildScriptCaches (32ms)
			SetupLoadedEditorAssemblies (264ms)
				LogAssemblyErrors (0ms)
				InitializePlatformSupportModulesInManaged (3ms)
				SetLoadedEditorAssemblies (0ms)
				RefreshPlugins (1ms)
				BeforeProcessingInitializeOnLoad (48ms)
				ProcessInitializeOnLoadAttributes (185ms)
				ProcessInitializeOnLoadMethodAttributes (21ms)
				AfterProcessingInitializeOnLoad (5ms)
				EditorAssembliesLoaded (0ms)
			ExecutionOrderSort2 (0ms)
			AwakeInstancesAfterBackupRestoration (7ms)
Platform modules already initialized, skipping
Refreshing native plugins compatible for Editor in 1.44 ms, found 6 plugins.
Preloading 0 native plugins for Editor in 0.00 ms.
Unloading 3419 Unused Serialized files (Serialized files now loaded: 0)
Unloading 17 unused Assets / (22.0 KB). Loaded Objects now: 3979.
Memory consumption went from 146.9 MB to 146.9 MB.
Total: 3.788900 ms (FindLiveObjects: 0.475300 ms CreateObjectMapping: 0.124700 ms MarkObjects: 3.163000 ms  DeleteObjects: 0.024000 ms)

AssetImportParameters requested are different than current active one (requested -> active):
  custom:video-decoder-ogg-theora: a1e56fd34408186e4bbccfd4996cb3dc -> 
  custom:container-muxer-webm: aa71ff27fc2769a1b78a27578f13a17b -> 
  custom:container-demuxer-webm: 4f35f7cbe854078d1ac9338744f61a02 -> 
  custom:video-encoder-webm-vp8: eb34c28f22e8b96e1ab97ce403110664 -> 
  custom:video-codec-MediaFoundation-h265: 746d11721c4dcdbdad8f713fa42b33f4 -> 
  custom:audio-encoder-webm-vorbis: bf7c407c2cedff20999df2af8eb42d56 -> 
  custom:framework-win-MediaFoundation: 216162199b28c13a410421893ffa2e32 -> 
  custom:container-demuxer-ogg: 62fdf1f143b41e24485cea50d1cbac27 -> 
  custom:video-decoder-webm-vp8: 9c59270c3fd7afecdb556c50c9e8de78 -> 
  custom:audio-decoder-ogg-vorbis: bf7c407c2cedff20999df2af8eb42d56 -> 
========================================================================
Received Import Request.
  Time since last request: 220.686454 seconds.
  path: Assets/Prefab/Zombie Boss.prefab
  artifactKey: Guid(47a8b5c3484a9b94eb7eaf1e36512b72) Importer(815301076,1909f56bfc062723c751e8b465ee728b)
Start importing Assets/Prefab/Zombie Boss.prefab using Guid(47a8b5c3484a9b94eb7eaf1e36512b72) Importer(815301076,1909f56bfc062723c751e8b465ee728b)  -> (artifact id: '657b273ebe9dad28631662a64c5fbc80') in 0.093004 seconds 
========================================================================
Received Import Request.
  Time since last request: 18.770814 seconds.
  path: ProjectSettings/TagManager.asset
  artifactKey: Guid(00000000000000003000000000000000) Importer(815301076,1909f56bfc062723c751e8b465ee728b)
Start importing ProjectSettings/TagManager.asset using Guid(00000000000000003000000000000000) Importer(815301076,1909f56bfc062723c751e8b465ee728b)  -> (artifact id: '35be13f16d05e6d603d0fbfbc99adc03') in 0.007912 seconds 
========================================================================
Received Import Request.
  Time since last request: 16.567175 seconds.
  path: Assets/Musor
  artifactKey: Guid(5c49a292166f91f449624074d6ba6dd9) Importer(815301076,1909f56bfc062723c751e8b465ee728b)
Start importing Assets/Musor using Guid(5c49a292166f91f449624074d6ba6dd9) Importer(815301076,1909f56bfc062723c751e8b465ee728b)  -> (artifact id: 'e65b87740f0d111864ebfa665419e1cb') in 0.010880 seconds 
========================================================================
Received Import Request.
  Time since last request: 1.210105 seconds.
  path: Assets/Prefab/Zombie Boss.prefab
  artifactKey: Guid(47a8b5c3484a9b94eb7eaf1e36512b72) Importer(815301076,1909f56bfc062723c751e8b465ee728b)
Start importing Assets/Prefab/Zombie Boss.prefab using Guid(47a8b5c3484a9b94eb7eaf1e36512b72) Importer(815301076,1909f56bfc062723c751e8b465ee728b)  -> (artifact id: 'e4d80070a1c46cc9fbcaec4fd5685815') in 0.021701 seconds 
========================================================================
Received Import Request.
  Time since last request: 4.172733 seconds.
  path: Assets/Prefab/Zombie Boss.prefab
  artifactKey: Guid(47a8b5c3484a9b94eb7eaf1e36512b72) Importer(815301076,1909f56bfc062723c751e8b465ee728b)
Start importing Assets/Prefab/Zombie Boss.prefab using Guid(47a8b5c3484a9b94eb7eaf1e36512b72) Importer(815301076,1909f56bfc062723c751e8b465ee728b)  -> (artifact id: 'bf709e01b7db269b0aa71abe2f3b859d') in 0.025550 seconds 
========================================================================
Received Import Request.
  Time since last request: 16.917438 seconds.
  path: Assets/Prefab/Zombie Boss.prefab
  artifactKey: Guid(47a8b5c3484a9b94eb7eaf1e36512b72) Importer(815301076,1909f56bfc062723c751e8b465ee728b)
Start importing Assets/Prefab/Zombie Boss.prefab using Guid(47a8b5c3484a9b94eb7eaf1e36512b72) Importer(815301076,1909f56bfc062723c751e8b465ee728b)  -> (artifact id: 'a90b06d53d51ad6ef36f4a1b56555209') in 0.036083 seconds 
========================================================================
Received Import Request.
  Time since last request: 5.226231 seconds.
  path: Assets/Prefab/Zombie Boss.prefab
  artifactKey: Guid(47a8b5c3484a9b94eb7eaf1e36512b72) Importer(815301076,1909f56bfc062723c751e8b465ee728b)
Start importing Assets/Prefab/Zombie Boss.prefab using Guid(47a8b5c3484a9b94eb7eaf1e36512b72) Importer(815301076,1909f56bfc062723c751e8b465ee728b)  -> (artifact id: '647964858a90d09f3bf7f7ea77c2b313') in 0.040727 seconds 
========================================================================
Received Import Request.
  Time since last request: 2.170024 seconds.
  path: Assets/Prefab/Zombie Boss.prefab
  artifactKey: Guid(47a8b5c3484a9b94eb7eaf1e36512b72) Importer(815301076,1909f56bfc062723c751e8b465ee728b)
Start importing Assets/Prefab/Zombie Boss.prefab using Guid(47a8b5c3484a9b94eb7eaf1e36512b72) Importer(815301076,1909f56bfc062723c751e8b465ee728b)  -> (artifact id: '10710efeb15ce880ff332a10e26b899c') in 0.028440 seconds 
========================================================================
Received Import Request.
  Time since last request: 36.647850 seconds.
  path: Assets/Bibliotek/DelthorGames/AKM/Models/AKM.fbx
  artifactKey: Guid(99fcce1f10b2ebd4a8cd31a345f6bed8) Importer(815301076,1909f56bfc062723c751e8b465ee728b)
Start importing Assets/Bibliotek/DelthorGames/AKM/Models/AKM.fbx using Guid(99fcce1f10b2ebd4a8cd31a345f6bed8) Importer(815301076,1909f56bfc062723c751e8b465ee728b)  -> (artifact id: '48d6c34ebc9943e9e139641e36c01038') in 0.285910 seconds 
========================================================================
Received Import Request.
  Time since last request: 80.436202 seconds.
  path: Assets/Prefab/Zombie.prefab
  artifactKey: Guid(3172f62c62d512148b934f4733d32c8c) Importer(815301076,1909f56bfc062723c751e8b465ee728b)
Start importing Assets/Prefab/Zombie.prefab using Guid(3172f62c62d512148b934f4733d32c8c) Importer(815301076,1909f56bfc062723c751e8b465ee728b)  -> (artifact id: '0caff6b5b001d7fbf4b849b331257502') in 0.031904 seconds 
