Using pre-set license
Built from '2021.3/release' branch; Version is '2021.3.27f1 (ca3ffb99bcc6) revision 13254651'; Using compiler version '192829333'; Build Type 'Release'
OS: 'Windows 11  (10.0.22621) 64bit Professional' Language: 'ru' Physical Memory: 16075 MB
BatchMode: 1, IsHumanControllingUs: 0, StartBugReporterOnCrash: 0, Is64bit: 1, IsPro: 1

COMMAND LINE ARGUMENTS:
C:\Program Files\Unity\Hub\Editor\2021.3.27f1\Editor\Unity.exe
-adb2
-batchMode
-noUpm
-name
AssetImportWorker1
-projectPath
C:/Users/stalc/Desktop/ZomBox/ZomBox
-logFile
Logs/AssetImportWorker1.log
-srvPort
62759
Successfully changed project path to: C:/Users/stalc/Desktop/ZomBox/ZomBox
C:/Users/stalc/Desktop/ZomBox/ZomBox
[UnityMemory] Configuration Parameters - Can be set up in boot.config
    "memorysetup-bucket-allocator-granularity=16"
    "memorysetup-bucket-allocator-bucket-count=8"
    "memorysetup-bucket-allocator-block-size=33554432"
    "memorysetup-bucket-allocator-block-count=8"
    "memorysetup-main-allocator-block-size=16777216"
    "memorysetup-thread-allocator-block-size=16777216"
    "memorysetup-gfx-main-allocator-block-size=16777216"
    "memorysetup-gfx-thread-allocator-block-size=16777216"
    "memorysetup-cache-allocator-block-size=4194304"
    "memorysetup-typetree-allocator-block-size=2097152"
    "memorysetup-profiler-bucket-allocator-granularity=16"
    "memorysetup-profiler-bucket-allocator-bucket-count=8"
    "memorysetup-profiler-bucket-allocator-block-size=33554432"
    "memorysetup-profiler-bucket-allocator-block-count=8"
    "memorysetup-profiler-allocator-block-size=16777216"
    "memorysetup-profiler-editor-allocator-block-size=1048576"
    "memorysetup-temp-allocator-size-main=16777216"
    "memorysetup-job-temp-allocator-block-size=2097152"
    "memorysetup-job-temp-allocator-block-size-background=1048576"
    "memorysetup-job-temp-allocator-reduction-small-platforms=262144"
    "memorysetup-temp-allocator-size-background-worker=32768"
    "memorysetup-temp-allocator-size-job-worker=262144"
    "memorysetup-temp-allocator-size-preload-manager=33554432"
    "memorysetup-temp-allocator-size-nav-mesh-worker=65536"
    "memorysetup-temp-allocator-size-audio-worker=65536"
    "memorysetup-temp-allocator-size-cloud-worker=32768"
    "memorysetup-temp-allocator-size-gi-baking-worker=262144"
    "memorysetup-temp-allocator-size-gfx=262144"
Player connection [11128] Host "[IP] 172.27.0.97 [Port] 0 [Flags] 2 [Guid] 3746754318 [EditorId] 3746754318 [Version] 1048832 [Id] WindowsEditor(7,Diodman) [Debug] 1 [PackageName] WindowsEditor [ProjectName] Editor" joined multi-casting on [225.0.0.222:54997]...

Player connection [11128] Host "[IP] 172.27.0.97 [Port] 0 [Flags] 2 [Guid] 3746754318 [EditorId] 3746754318 [Version] 1048832 [Id] WindowsEditor(7,Diodman) [Debug] 1 [PackageName] WindowsEditor [ProjectName] Editor" joined alternative multi-casting on [225.0.0.222:34997]...

Refreshing native plugins compatible for Editor in 151.12 ms, found 6 plugins.
Preloading 0 native plugins for Editor in 0.00 ms.
Initialize engine version: 2021.3.27f1 (ca3ffb99bcc6)
[Subsystems] Discovering subsystems at path C:/Program Files/Unity/Hub/Editor/2021.3.27f1/Editor/Data/Resources/UnitySubsystems
[Subsystems] Discovering subsystems at path C:/Users/stalc/Desktop/ZomBox/ZomBox/Assets
GfxDevice: creating device client; threaded=0; jobified=0
Direct3D:
    Version:  Direct3D 11.0 [level 11.1]
    Renderer: NVIDIA GeForce RTX 3050 Laptop GPU (ID=0x25a2)
    Vendor:   NVIDIA
    VRAM:     3979 MB
    Driver:   31.0.15.3742
Initialize mono
Mono path[0] = 'C:/Program Files/Unity/Hub/Editor/2021.3.27f1/Editor/Data/Managed'
Mono path[1] = 'C:/Program Files/Unity/Hub/Editor/2021.3.27f1/Editor/Data/MonoBleedingEdge/lib/mono/unityjit-win32'
Mono config path = 'C:/Program Files/Unity/Hub/Editor/2021.3.27f1/Editor/Data/MonoBleedingEdge/etc'
Using monoOptions --debugger-agent=transport=dt_socket,embedding=1,server=y,suspend=n,address=127.0.0.1:56772
Begin MonoManager ReloadAssembly
Registering precompiled unity dll's ...
Register platform support module: C:/Program Files/Unity/Hub/Editor/2021.3.27f1/Editor/Data/PlaybackEngines/AndroidPlayer/UnityEditor.Android.Extensions.dll
Register platform support module: C:/Program Files/Unity/Hub/Editor/2021.3.27f1/Editor/Data/PlaybackEngines/WindowsStandaloneSupport/UnityEditor.WindowsStandalone.Extensions.dll
Registered in 0.004341 seconds.
Native extension for WindowsStandalone target not found
Native extension for Android target not found
Android Extension - Scanning For ADB Devices 364 ms
Refreshing native plugins compatible for Editor in 119.05 ms, found 6 plugins.
Preloading 0 native plugins for Editor in 0.00 ms.
Mono: successfully reloaded assembly
- Completed reload, in  1.233 seconds
Domain Reload Profiling:
	ReloadAssembly (1233ms)
		BeginReloadAssembly (95ms)
			ExecutionOrderSort (0ms)
			DisableScriptedObjects (0ms)
			BackupInstance (0ms)
			ReleaseScriptingObjects (0ms)
			CreateAndSetChildDomain (1ms)
		EndReloadAssembly (1013ms)
			LoadAssemblies (93ms)
			RebuildTransferFunctionScriptingTraits (0ms)
			SetupTypeCache (145ms)
			ReleaseScriptCaches (0ms)
			RebuildScriptCaches (40ms)
			SetupLoadedEditorAssemblies (764ms)
				LogAssemblyErrors (0ms)
				InitializePlatformSupportModulesInManaged (482ms)
				SetLoadedEditorAssemblies (0ms)
				RefreshPlugins (119ms)
				BeforeProcessingInitializeOnLoad (2ms)
				ProcessInitializeOnLoadAttributes (101ms)
				ProcessInitializeOnLoadMethodAttributes (60ms)
				AfterProcessingInitializeOnLoad (0ms)
				EditorAssembliesLoaded (0ms)
			ExecutionOrderSort2 (0ms)
			AwakeInstancesAfterBackupRestoration (0ms)
Platform modules already initialized, skipping
Registering precompiled user dll's ...
Registered in 0.005324 seconds.
Begin MonoManager ReloadAssembly
Symbol file LoadedFromMemory doesn't match image C:\Users\stalc\Desktop\ZomBox\ZomBox\Library\PackageCache\com.unity.visualscripting@1.8.0\Editor\VisualScripting.Core\Dependencies\YamlDotNet\Unity.VisualScripting.YamlDotNet.dll
Symbol file LoadedFromMemory doesn't match image C:\Users\stalc\Desktop\ZomBox\ZomBox\Library\PackageCache\com.unity.visualscripting@1.8.0\Editor\VisualScripting.Core\Dependencies\DotNetZip\Unity.VisualScripting.IonicZip.dll
Native extension for WindowsStandalone target not found
Native extension for Android target not found
Refreshing native plugins compatible for Editor in 1.34 ms, found 6 plugins.
Preloading 0 native plugins for Editor in 0.00 ms.
Package Manager log level set to [2]
Mono: successfully reloaded assembly
- Completed reload, in  1.279 seconds
Domain Reload Profiling:
	ReloadAssembly (1280ms)
		BeginReloadAssembly (158ms)
			ExecutionOrderSort (0ms)
			DisableScriptedObjects (6ms)
			BackupInstance (0ms)
			ReleaseScriptingObjects (0ms)
			CreateAndSetChildDomain (31ms)
		EndReloadAssembly (985ms)
			LoadAssemblies (119ms)
			RebuildTransferFunctionScriptingTraits (0ms)
			SetupTypeCache (343ms)
			ReleaseScriptCaches (1ms)
			RebuildScriptCaches (65ms)
			SetupLoadedEditorAssemblies (431ms)
				LogAssemblyErrors (0ms)
				InitializePlatformSupportModulesInManaged (26ms)
				SetLoadedEditorAssemblies (1ms)
				RefreshPlugins (1ms)
				BeforeProcessingInitializeOnLoad (99ms)
				ProcessInitializeOnLoadAttributes (274ms)
				ProcessInitializeOnLoadMethodAttributes (22ms)
				AfterProcessingInitializeOnLoad (7ms)
				EditorAssembliesLoaded (0ms)
			ExecutionOrderSort2 (0ms)
			AwakeInstancesAfterBackupRestoration (7ms)
Platform modules already initialized, skipping
========================================================================
Worker process is ready to serve import requests
Launched and connected shader compiler UnityShaderCompiler.exe after 0.05 seconds
Refreshing native plugins compatible for Editor in 0.94 ms, found 6 plugins.
Preloading 0 native plugins for Editor in 0.00 ms.
Unloading 3480 Unused Serialized files (Serialized files now loaded: 0)
Unloading 25 unused Assets / (49.3 KB). Loaded Objects now: 3967.
Memory consumption went from 139.7 MB to 139.6 MB.
Total: 3.460500 ms (FindLiveObjects: 0.337100 ms CreateObjectMapping: 0.133900 ms MarkObjects: 2.830100 ms  DeleteObjects: 0.157800 ms)

AssetImportParameters requested are different than current active one (requested -> active):
  custom:video-decoder-ogg-theora: a1e56fd34408186e4bbccfd4996cb3dc -> 
  custom:container-muxer-webm: aa71ff27fc2769a1b78a27578f13a17b -> 
  custom:container-demuxer-webm: 4f35f7cbe854078d1ac9338744f61a02 -> 
  custom:video-encoder-webm-vp8: eb34c28f22e8b96e1ab97ce403110664 -> 
  custom:video-codec-MediaFoundation-h265: 746d11721c4dcdbdad8f713fa42b33f4 -> 
  custom:audio-encoder-webm-vorbis: bf7c407c2cedff20999df2af8eb42d56 -> 
  custom:framework-win-MediaFoundation: 216162199b28c13a410421893ffa2e32 -> 
  custom:container-demuxer-ogg: 62fdf1f143b41e24485cea50d1cbac27 -> 
  custom:video-decoder-webm-vp8: 9c59270c3fd7afecdb556c50c9e8de78 -> 
  custom:audio-decoder-ogg-vorbis: bf7c407c2cedff20999df2af8eb42d56 -> 
========================================================================
Received Import Request.
  Time since last request: 363362.672528 seconds.
  path: Assets/Object/Poys.fbx
  artifactKey: Guid(5f7ba803ebf16f540b43860eb22032f0) Importer(815301076,1909f56bfc062723c751e8b465ee728b)
Start importing Assets/Object/Poys.fbx using Guid(5f7ba803ebf16f540b43860eb22032f0) Importer(815301076,1909f56bfc062723c751e8b465ee728b)  -> (artifact id: '20bed2907db61872ad2c0d687a6d7022') in 0.129391 seconds 
========================================================================
Received Import Request.
  Time since last request: 42.828095 seconds.
  path: Assets/Bibliotek/SteamVR/InteractionSystem/Core/Prefabs/HandColliderRight.prefab
  artifactKey: Guid(2f378ddf4e9373548a3708d26c1d75a4) Importer(815301076,1909f56bfc062723c751e8b465ee728b)
Start importing Assets/Bibliotek/SteamVR/InteractionSystem/Core/Prefabs/HandColliderRight.prefab using Guid(2f378ddf4e9373548a3708d26c1d75a4) Importer(815301076,1909f56bfc062723c751e8b465ee728b)  -> (artifact id: '5d66bdf4fe7bc7fce02735943ea22154') in 0.009731 seconds 
========================================================================
Received Import Request.
  Time since last request: 0.000047 seconds.
  path: Assets/Bibliotek/SteamVR/InteractionSystem/Core/Prefabs/LeftRenderModel Slim.prefab
  artifactKey: Guid(d5082f7d9f947374197e0a97786f4e40) Importer(815301076,1909f56bfc062723c751e8b465ee728b)
Start importing Assets/Bibliotek/SteamVR/InteractionSystem/Core/Prefabs/LeftRenderModel Slim.prefab using Guid(d5082f7d9f947374197e0a97786f4e40) Importer(815301076,1909f56bfc062723c751e8b465ee728b) InvalidCastException: Specified cast is not valid.
  at (wrapper castclass) System.Object.__castclass_with_cache(object,intptr,intptr)
  at Valve.VR.SteamVR_Input.GetActionDataFromPath[T] (System.String path, System.Boolean caseSensitive) [0x00011] in C:\Users\stalc\Desktop\ZomBox\ZomBox\Assets\Bibliotek\SteamVR\Input\SteamVR_Input.cs:452 
  at Valve.VR.SteamVR_Action`2[SourceMap,SourceElement].Initialize (System.Boolean createNew, System.Boolean throwErrors) [0x00024] in C:\Users\stalc\Desktop\ZomBox\ZomBox\Assets\Bibliotek\SteamVR\Input\SteamVR_Action.cs:172 
  at Valve.VR.SteamVR_Action`2[SourceMap,SourceElement].InitAfterDeserialize () [0x00059] in C:\Users\stalc\Desktop\ZomBox\ZomBox\Assets\Bibliotek\SteamVR\Input\SteamVR_Action.cs:228 
  at Valve.VR.SteamVR_Action_Single.UnityEngine.ISerializationCallbackReceiver.OnAfterDeserialize () [0x00000] in C:\Users\stalc\Desktop\ZomBox\ZomBox\Assets\Bibliotek\SteamVR\Input\SteamVR_Action_Single.cs:181 

(Filename: Assets/Bibliotek/SteamVR/Input/SteamVR_Input.cs Line: 452)

InvalidCastException: Specified cast is not valid.
  at (wrapper castclass) System.Object.__castclass_with_cache(object,intptr,intptr)
  at Valve.VR.SteamVR_Input.GetActionDataFromPath[T] (System.String path, System.Boolean caseSensitive) [0x00011] in C:\Users\stalc\Desktop\ZomBox\ZomBox\Assets\Bibliotek\SteamVR\Input\SteamVR_Input.cs:452 
  at Valve.VR.SteamVR_Action`2[SourceMap,SourceElement].Initialize (System.Boolean createNew, System.Boolean throwErrors) [0x00024] in C:\Users\stalc\Desktop\ZomBox\ZomBox\Assets\Bibliotek\SteamVR\Input\SteamVR_Action.cs:172 
  at Valve.VR.SteamVR_Action`2[SourceMap,SourceElement].InitAfterDeserialize () [0x00059] in C:\Users\stalc\Desktop\ZomBox\ZomBox\Assets\Bibliotek\SteamVR\Input\SteamVR_Action.cs:228 
  at Valve.VR.SteamVR_Action_Single.UnityEngine.ISerializationCallbackReceiver.OnAfterDeserialize () [0x00000] in C:\Users\stalc\Desktop\ZomBox\ZomBox\Assets\Bibliotek\SteamVR\Input\SteamVR_Action_Single.cs:181 

(Filename: Assets/Bibliotek/SteamVR/Input/SteamVR_Input.cs Line: 452)

 -> (artifact id: '2987ba0031f3bbe9dcc24cfdb3a7ab40') in 0.061593 seconds 
========================================================================
Received Import Request.
  Time since last request: 0.000037 seconds.
  path: Assets/Bibliotek/SteamVR/InteractionSystem/Core/Prefabs/Pointer.prefab
  artifactKey: Guid(c1a62a64a1c213746b6cbbc3b39865a7) Importer(815301076,1909f56bfc062723c751e8b465ee728b)
Start importing Assets/Bibliotek/SteamVR/InteractionSystem/Core/Prefabs/Pointer.prefab using Guid(c1a62a64a1c213746b6cbbc3b39865a7) Importer(815301076,1909f56bfc062723c751e8b465ee728b)  -> (artifact id: '77b84ad6e6cdbc4f95f20ff74fcf8b08') in 0.020516 seconds 
========================================================================
Received Import Request.
  Time since last request: 0.000032 seconds.
  path: Assets/Bibliotek/SteamVR/InteractionSystem/Core/Prefabs/LeftRenderModelFloppy.prefab
  artifactKey: Guid(534d2fcf558316441a41841275676807) Importer(815301076,1909f56bfc062723c751e8b465ee728b)
Start importing Assets/Bibliotek/SteamVR/InteractionSystem/Core/Prefabs/LeftRenderModelFloppy.prefab using Guid(534d2fcf558316441a41841275676807) Importer(815301076,1909f56bfc062723c751e8b465ee728b) InvalidCastException: Specified cast is not valid.
  at (wrapper castclass) System.Object.__castclass_with_cache(object,intptr,intptr)
  at Valve.VR.SteamVR_Input.GetActionDataFromPath[T] (System.String path, System.Boolean caseSensitive) [0x00011] in C:\Users\stalc\Desktop\ZomBox\ZomBox\Assets\Bibliotek\SteamVR\Input\SteamVR_Input.cs:452 
  at Valve.VR.SteamVR_Action`2[SourceMap,SourceElement].Initialize (System.Boolean createNew, System.Boolean throwErrors) [0x00024] in C:\Users\stalc\Desktop\ZomBox\ZomBox\Assets\Bibliotek\SteamVR\Input\SteamVR_Action.cs:172 
  at Valve.VR.SteamVR_Action`2[SourceMap,SourceElement].InitAfterDeserialize () [0x00059] in C:\Users\stalc\Desktop\ZomBox\ZomBox\Assets\Bibliotek\SteamVR\Input\SteamVR_Action.cs:228 
  at Valve.VR.SteamVR_Action_Single.UnityEngine.ISerializationCallbackReceiver.OnAfterDeserialize () [0x00000] in C:\Users\stalc\Desktop\ZomBox\ZomBox\Assets\Bibliotek\SteamVR\Input\SteamVR_Action_Single.cs:181 

(Filename: Assets/Bibliotek/SteamVR/Input/SteamVR_Input.cs Line: 452)

InvalidCastException: Specified cast is not valid.
  at (wrapper castclass) System.Object.__castclass_with_cache(object,intptr,intptr)
  at Valve.VR.SteamVR_Action`2[SourceMap,SourceElement].InitializeCopy (System.String newActionPath, Valve.VR.SteamVR_Action_Source_Map newData) [0x00007] in C:\Users\stalc\Desktop\ZomBox\ZomBox\Assets\Bibliotek\SteamVR\Input\SteamVR_Action.cs:207 
  at Valve.VR.SteamVR_Action.GetCopy[CreateType] () [0x0000c] in C:\Users\stalc\Desktop\ZomBox\ZomBox\Assets\Bibliotek\SteamVR\Input\SteamVR_Action.cs:326 
  at Valve.VR.SteamVR_Input.GetAction[T] (System.String actionSetName, System.String actionName, System.Boolean caseSensitive, System.Boolean returnNulls) [0x00012] in C:\Users\stalc\Desktop\ZomBox\ZomBox\Assets\Bibliotek\SteamVR\Input\SteamVR_Input.cs:634 
  at Valve.VR.SteamVR_Input.GetAction[T] (System.String actionName, System.Boolean caseSensitive) [0x00000] in C:\Users\stalc\Desktop\ZomBox\ZomBox\Assets\Bibliotek\SteamVR\Input\SteamVR_Input.cs:715 
  at Valve.VR.InteractionSystem.Sample.FloppyHand..ctor () [0x0000b] in C:\Users\stalc\Desktop\ZomBox\ZomBox\Assets\Bibliotek\SteamVR\InteractionSystem\Samples\Scripts\FloppyHand.cs:12 

(Filename: Assets/Bibliotek/SteamVR/Input/SteamVR_Action.cs Line: 207)

InvalidCastException: Specified cast is not valid.
  at (wrapper castclass) System.Object.__castclass_with_cache(object,intptr,intptr)
  at Valve.VR.SteamVR_Input.GetActionDataFromPath[T] (System.String path, System.Boolean caseSensitive) [0x00011] in C:\Users\stalc\Desktop\ZomBox\ZomBox\Assets\Bibliotek\SteamVR\Input\SteamVR_Input.cs:452 
  at Valve.VR.SteamVR_Action`2[SourceMap,SourceElement].Initialize (System.Boolean createNew, System.Boolean throwErrors) [0x00024] in C:\Users\stalc\Desktop\ZomBox\ZomBox\Assets\Bibliotek\SteamVR\Input\SteamVR_Action.cs:172 
  at Valve.VR.SteamVR_Action`2[SourceMap,SourceElement].InitAfterDeserialize () [0x00059] in C:\Users\stalc\Desktop\ZomBox\ZomBox\Assets\Bibliotek\SteamVR\Input\SteamVR_Action.cs:228 
  at Valve.VR.SteamVR_Action_Single.UnityEngine.ISerializationCallbackReceiver.OnAfterDeserialize () [0x00000] in C:\Users\stalc\Desktop\ZomBox\ZomBox\Assets\Bibliotek\SteamVR\Input\SteamVR_Action_Single.cs:181 

(Filename: Assets/Bibliotek/SteamVR/Input/SteamVR_Input.cs Line: 452)

 -> (artifact id: '519e3772be3f2f9bb487035ea24fbd0e') in 0.023075 seconds 
========================================================================
Received Import Request.
  Time since last request: 0.000053 seconds.
  path: Assets/Bibliotek/SteamVR/InteractionSystem/Core/Prefabs/RightRenderModel.prefab
  artifactKey: Guid(d07386f0ec952ec409dc7753bcf5746b) Importer(815301076,1909f56bfc062723c751e8b465ee728b)
Start importing Assets/Bibliotek/SteamVR/InteractionSystem/Core/Prefabs/RightRenderModel.prefab using Guid(d07386f0ec952ec409dc7753bcf5746b) Importer(815301076,1909f56bfc062723c751e8b465ee728b) InvalidCastException: Specified cast is not valid.
  at (wrapper castclass) System.Object.__castclass_with_cache(object,intptr,intptr)
  at Valve.VR.SteamVR_Input.GetActionDataFromPath[T] (System.String path, System.Boolean caseSensitive) [0x00011] in C:\Users\stalc\Desktop\ZomBox\ZomBox\Assets\Bibliotek\SteamVR\Input\SteamVR_Input.cs:452 
  at Valve.VR.SteamVR_Action`2[SourceMap,SourceElement].Initialize (System.Boolean createNew, System.Boolean throwErrors) [0x00024] in C:\Users\stalc\Desktop\ZomBox\ZomBox\Assets\Bibliotek\SteamVR\Input\SteamVR_Action.cs:172 
  at Valve.VR.SteamVR_Action`2[SourceMap,SourceElement].InitAfterDeserialize () [0x00059] in C:\Users\stalc\Desktop\ZomBox\ZomBox\Assets\Bibliotek\SteamVR\Input\SteamVR_Action.cs:228 
  at Valve.VR.SteamVR_Action_Single.UnityEngine.ISerializationCallbackReceiver.OnAfterDeserialize () [0x00000] in C:\Users\stalc\Desktop\ZomBox\ZomBox\Assets\Bibliotek\SteamVR\Input\SteamVR_Action_Single.cs:181 

(Filename: Assets/Bibliotek/SteamVR/Input/SteamVR_Input.cs Line: 452)

 -> (artifact id: '3b6a63559bd839f599256b214c41f2c8') in 0.010977 seconds 
Editor requested this worker to shutdown with reason: Scaling down because of idle timeout
AssetImportWorker is now disconnected from the server
Process exiting
Exiting without the bug reporter. Application will terminate with return code 0