Using pre-set license
Built from '2021.3/release' branch; Version is '2021.3.27f1 (ca3ffb99bcc6) revision 13254651'; Using compiler version '192829333'; Build Type 'Release'
OS: 'Windows 10  (10.0.19045) 64bit Professional' Language: 'ru' Physical Memory: 16252 MB
BatchMode: 1, IsHumanControllingUs: 0, StartBugReporterOnCrash: 0, Is64bit: 1, IsPro: 1

COMMAND LINE ARGUMENTS:
C:\Program Files\Unity\Hub\Editor\2021.3.27f1\Editor\Unity.exe
-adb2
-batchMode
-noUpm
-name
AssetImportWorker3
-projectPath
C:/Users/OEM/Documents/GitHub/ZomBox/ZomBox
-logFile
Logs/AssetImportWorker3.log
-srvPort
59596
Successfully changed project path to: C:/Users/OEM/Documents/GitHub/ZomBox/ZomBox
C:/Users/OEM/Documents/GitHub/ZomBox/ZomBox
[UnityMemory] Configuration Parameters - Can be set up in boot.config
    "memorysetup-bucket-allocator-granularity=16"
    "memorysetup-bucket-allocator-bucket-count=8"
    "memorysetup-bucket-allocator-block-size=33554432"
    "memorysetup-bucket-allocator-block-count=8"
    "memorysetup-main-allocator-block-size=16777216"
    "memorysetup-thread-allocator-block-size=16777216"
    "memorysetup-gfx-main-allocator-block-size=16777216"
    "memorysetup-gfx-thread-allocator-block-size=16777216"
    "memorysetup-cache-allocator-block-size=4194304"
    "memorysetup-typetree-allocator-block-size=2097152"
    "memorysetup-profiler-bucket-allocator-granularity=16"
    "memorysetup-profiler-bucket-allocator-bucket-count=8"
    "memorysetup-profiler-bucket-allocator-block-size=33554432"
    "memorysetup-profiler-bucket-allocator-block-count=8"
    "memorysetup-profiler-allocator-block-size=16777216"
    "memorysetup-profiler-editor-allocator-block-size=1048576"
    "memorysetup-temp-allocator-size-main=16777216"
    "memorysetup-job-temp-allocator-block-size=2097152"
    "memorysetup-job-temp-allocator-block-size-background=1048576"
    "memorysetup-job-temp-allocator-reduction-small-platforms=262144"
    "memorysetup-temp-allocator-size-background-worker=32768"
    "memorysetup-temp-allocator-size-job-worker=262144"
    "memorysetup-temp-allocator-size-preload-manager=33554432"
    "memorysetup-temp-allocator-size-nav-mesh-worker=65536"
    "memorysetup-temp-allocator-size-audio-worker=65536"
    "memorysetup-temp-allocator-size-cloud-worker=32768"
    "memorysetup-temp-allocator-size-gi-baking-worker=262144"
    "memorysetup-temp-allocator-size-gfx=262144"
Player connection [15388] Host "[IP] 192.168.17.5 [Port] 0 [Flags] 2 [Guid] 539241000 [EditorId] 539241000 [Version] 1048832 [Id] WindowsEditor(7,DESKTOP-C5VUL1P) [Debug] 1 [PackageName] WindowsEditor [ProjectName] Editor" joined multi-casting on [225.0.0.222:54997]...

Player connection [15388] Host "[IP] 192.168.17.5 [Port] 0 [Flags] 2 [Guid] 539241000 [EditorId] 539241000 [Version] 1048832 [Id] WindowsEditor(7,DESKTOP-C5VUL1P) [Debug] 1 [PackageName] WindowsEditor [ProjectName] Editor" joined alternative multi-casting on [225.0.0.222:34997]...

Refreshing native plugins compatible for Editor in 118.84 ms, found 6 plugins.
Preloading 0 native plugins for Editor in 0.00 ms.
Initialize engine version: 2021.3.27f1 (ca3ffb99bcc6)
[Subsystems] Discovering subsystems at path C:/Program Files/Unity/Hub/Editor/2021.3.27f1/Editor/Data/Resources/UnitySubsystems
[Subsystems] Discovering subsystems at path C:/Users/OEM/Documents/GitHub/ZomBox/ZomBox/Assets
GfxDevice: creating device client; threaded=0; jobified=0
Direct3D:
    Version:  Direct3D 11.0 [level 11.1]
    Renderer: NVIDIA GeForce GTX 1660 SUPER (ID=0x21c4)
    Vendor:   NVIDIA
    VRAM:     5980 MB
    Driver:   31.0.15.3623
Initialize mono
Mono path[0] = 'C:/Program Files/Unity/Hub/Editor/2021.3.27f1/Editor/Data/Managed'
Mono path[1] = 'C:/Program Files/Unity/Hub/Editor/2021.3.27f1/Editor/Data/MonoBleedingEdge/lib/mono/unityjit-win32'
Mono config path = 'C:/Program Files/Unity/Hub/Editor/2021.3.27f1/Editor/Data/MonoBleedingEdge/etc'
Using monoOptions --debugger-agent=transport=dt_socket,embedding=1,server=y,suspend=n,address=127.0.0.1:56600
Begin MonoManager ReloadAssembly
Registering precompiled unity dll's ...
Register platform support module: C:/Program Files/Unity/Hub/Editor/2021.3.27f1/Editor/Data/PlaybackEngines/WindowsStandaloneSupport/UnityEditor.WindowsStandalone.Extensions.dll
Registered in 0.007929 seconds.
Native extension for WindowsStandalone target not found
Refreshing native plugins compatible for Editor in 88.66 ms, found 6 plugins.
Preloading 0 native plugins for Editor in 0.00 ms.
Mono: successfully reloaded assembly
- Completed reload, in  0.658 seconds
Domain Reload Profiling:
	ReloadAssembly (658ms)
		BeginReloadAssembly (90ms)
			ExecutionOrderSort (0ms)
			DisableScriptedObjects (0ms)
			BackupInstance (0ms)
			ReleaseScriptingObjects (0ms)
			CreateAndSetChildDomain (1ms)
		EndReloadAssembly (461ms)
			LoadAssemblies (88ms)
			RebuildTransferFunctionScriptingTraits (0ms)
			SetupTypeCache (110ms)
			ReleaseScriptCaches (0ms)
			RebuildScriptCaches (28ms)
			SetupLoadedEditorAssemblies (269ms)
				LogAssemblyErrors (0ms)
				InitializePlatformSupportModulesInManaged (8ms)
				SetLoadedEditorAssemblies (0ms)
				RefreshPlugins (89ms)
				BeforeProcessingInitializeOnLoad (1ms)
				ProcessInitializeOnLoadAttributes (123ms)
				ProcessInitializeOnLoadMethodAttributes (48ms)
				AfterProcessingInitializeOnLoad (0ms)
				EditorAssembliesLoaded (0ms)
			ExecutionOrderSort2 (0ms)
			AwakeInstancesAfterBackupRestoration (0ms)
Platform modules already initialized, skipping
Registering precompiled user dll's ...
Registered in 0.007666 seconds.
Begin MonoManager ReloadAssembly
Symbol file LoadedFromMemory doesn't match image C:\Users\OEM\Documents\GitHub\ZomBox\ZomBox\Library\PackageCache\com.unity.visualscripting@1.8.0\Editor\VisualScripting.Core\Dependencies\YamlDotNet\Unity.VisualScripting.YamlDotNet.dll
Symbol file LoadedFromMemory doesn't match image C:\Users\OEM\Documents\GitHub\ZomBox\ZomBox\Library\PackageCache\com.unity.visualscripting@1.8.0\Editor\VisualScripting.Core\Dependencies\DotNetZip\Unity.VisualScripting.IonicZip.dll
Native extension for WindowsStandalone target not found
Refreshing native plugins compatible for Editor in 0.68 ms, found 6 plugins.
Preloading 0 native plugins for Editor in 0.00 ms.
Package Manager log level set to [2]
Mono: successfully reloaded assembly
- Completed reload, in  1.098 seconds
Domain Reload Profiling:
	ReloadAssembly (1099ms)
		BeginReloadAssembly (129ms)
			ExecutionOrderSort (0ms)
			DisableScriptedObjects (6ms)
			BackupInstance (0ms)
			ReleaseScriptingObjects (0ms)
			CreateAndSetChildDomain (18ms)
		EndReloadAssembly (856ms)
			LoadAssemblies (97ms)
			RebuildTransferFunctionScriptingTraits (0ms)
			SetupTypeCache (292ms)
			ReleaseScriptCaches (1ms)
			RebuildScriptCaches (62ms)
			SetupLoadedEditorAssemblies (371ms)
				LogAssemblyErrors (0ms)
				InitializePlatformSupportModulesInManaged (6ms)
				SetLoadedEditorAssemblies (0ms)
				RefreshPlugins (1ms)
				BeforeProcessingInitializeOnLoad (93ms)
				ProcessInitializeOnLoadAttributes (240ms)
				ProcessInitializeOnLoadMethodAttributes (22ms)
				AfterProcessingInitializeOnLoad (9ms)
				EditorAssembliesLoaded (0ms)
			ExecutionOrderSort2 (0ms)
			AwakeInstancesAfterBackupRestoration (6ms)
Platform modules already initialized, skipping
========================================================================
Worker process is ready to serve import requests
Launched and connected shader compiler UnityShaderCompiler.exe after 0.04 seconds
Refreshing native plugins compatible for Editor in 0.81 ms, found 6 plugins.
Preloading 0 native plugins for Editor in 0.00 ms.
Unloading 3470 Unused Serialized files (Serialized files now loaded: 0)
Unloading 25 unused Assets / (48.2 KB). Loaded Objects now: 3954.
Memory consumption went from 134.3 MB to 134.3 MB.
Total: 2.818900 ms (FindLiveObjects: 0.282800 ms CreateObjectMapping: 0.215900 ms MarkObjects: 2.220300 ms  DeleteObjects: 0.099200 ms)

AssetImportParameters requested are different than current active one (requested -> active):
  custom:video-decoder-ogg-theora: a1e56fd34408186e4bbccfd4996cb3dc -> 
  custom:container-muxer-webm: aa71ff27fc2769a1b78a27578f13a17b -> 
  custom:container-demuxer-webm: 4f35f7cbe854078d1ac9338744f61a02 -> 
  custom:video-encoder-webm-vp8: eb34c28f22e8b96e1ab97ce403110664 -> 
  custom:audio-encoder-webm-vorbis: bf7c407c2cedff20999df2af8eb42d56 -> 
  custom:framework-win-MediaFoundation: 216162199b28c13a410421893ffa2e32 -> 
  custom:container-demuxer-ogg: 62fdf1f143b41e24485cea50d1cbac27 -> 
  custom:video-decoder-webm-vp8: 9c59270c3fd7afecdb556c50c9e8de78 -> 
  custom:audio-decoder-ogg-vorbis: bf7c407c2cedff20999df2af8eb42d56 -> 
========================================================================
Received Import Request.
  Time since last request: 14101.155470 seconds.
  path: Assets/Adventure_Character/Textures/Man_Body_Metallic.tga
  artifactKey: Guid(72cb5a51a442407438404bf56648f700) Importer(815301076,1909f56bfc062723c751e8b465ee728b)
Start importing Assets/Adventure_Character/Textures/Man_Body_Metallic.tga using Guid(72cb5a51a442407438404bf56648f700) Importer(815301076,1909f56bfc062723c751e8b465ee728b)  -> (artifact id: '66239404980c4e49bec348a51eb74dca') in 0.131747 seconds 
========================================================================
Received Import Request.
  Time since last request: 0.000030 seconds.
  path: Assets/Adventure_Character/Textures/Man_Cloth_Up_Albedo_03.tga
  artifactKey: Guid(af9d8bdb5bff58c449c7fa4f414869f3) Importer(815301076,1909f56bfc062723c751e8b465ee728b)
Start importing Assets/Adventure_Character/Textures/Man_Cloth_Up_Albedo_03.tga using Guid(af9d8bdb5bff58c449c7fa4f414869f3) Importer(815301076,1909f56bfc062723c751e8b465ee728b)  -> (artifact id: '05aeb0ae1d54e7230674769bb56ddd5e') in 0.030166 seconds 
========================================================================
Received Import Request.
  Time since last request: 0.000034 seconds.
  path: Assets/Adventure_Character/Textures/Man_Body_Normals.tga
  artifactKey: Guid(a1b6bb340da40bc41b0c41ce37a80cb4) Importer(815301076,1909f56bfc062723c751e8b465ee728b)
Start importing Assets/Adventure_Character/Textures/Man_Body_Normals.tga using Guid(a1b6bb340da40bc41b0c41ce37a80cb4) Importer(815301076,1909f56bfc062723c751e8b465ee728b)  -> (artifact id: 'd47040fc515acd0792f905b70d897bf9') in 0.072324 seconds 
========================================================================
Received Import Request.
  Time since last request: 134.535977 seconds.
  path: Assets/Old Sea Port/textures/Bark_Grey_3.png
  artifactKey: Guid(58fb75b0e6b5dd64c95ded8d425dc5c7) Importer(815301076,1909f56bfc062723c751e8b465ee728b)
Start importing Assets/Old Sea Port/textures/Bark_Grey_3.png using Guid(58fb75b0e6b5dd64c95ded8d425dc5c7) Importer(815301076,1909f56bfc062723c751e8b465ee728b)  -> (artifact id: '147c272582b11209d5bb0064a1f77fce') in 0.084991 seconds 
========================================================================
Received Import Request.
  Time since last request: 0.000022 seconds.
  path: Assets/Old Sea Port/textures/Cobblestone_Occlusion.png
  artifactKey: Guid(dcfbeedfb82fa234ba6e7ae06500b97b) Importer(815301076,1909f56bfc062723c751e8b465ee728b)
Start importing Assets/Old Sea Port/textures/Cobblestone_Occlusion.png using Guid(dcfbeedfb82fa234ba6e7ae06500b97b) Importer(815301076,1909f56bfc062723c751e8b465ee728b)  -> (artifact id: 'f335c2172b9dba5b36b27ad9e81cc5ba') in 0.026881 seconds 
========================================================================
Received Import Request.
  Time since last request: 0.000036 seconds.
  path: Assets/Old Sea Port/textures/dirt_1_specular.png
  artifactKey: Guid(aa8cd394dd912294a9201bcd17b8cedb) Importer(815301076,1909f56bfc062723c751e8b465ee728b)
Start importing Assets/Old Sea Port/textures/dirt_1_specular.png using Guid(aa8cd394dd912294a9201bcd17b8cedb) Importer(815301076,1909f56bfc062723c751e8b465ee728b)  -> (artifact id: 'c15df49e7245e67bbd44f21918d7e04d') in 0.017891 seconds 
========================================================================
Received Import Request.
  Time since last request: 0.000024 seconds.
  path: Assets/Old Sea Port/textures/Rooftiles.png
  artifactKey: Guid(df3dcc1fbf4ce1d4aa1361159004567b) Importer(815301076,1909f56bfc062723c751e8b465ee728b)
Start importing Assets/Old Sea Port/textures/Rooftiles.png using Guid(df3dcc1fbf4ce1d4aa1361159004567b) Importer(815301076,1909f56bfc062723c751e8b465ee728b)  -> (artifact id: 'd3d0b9a375c3010262731eceaf8477f8') in 0.017535 seconds 
========================================================================
Received Import Request.
  Time since last request: 0.000026 seconds.
  path: Assets/Old Sea Port/textures/branch_maple_translucency.png
  artifactKey: Guid(a73439b1d26414547bdcf00ff8a5bd57) Importer(815301076,1909f56bfc062723c751e8b465ee728b)
Start importing Assets/Old Sea Port/textures/branch_maple_translucency.png using Guid(a73439b1d26414547bdcf00ff8a5bd57) Importer(815301076,1909f56bfc062723c751e8b465ee728b)  -> (artifact id: 'c783d9b2c962328af814792c96e1f307') in 0.028044 seconds 
========================================================================
Received Import Request.
  Time since last request: 0.000033 seconds.
  path: Assets/Old Sea Port/textures/Bark_Grey_Metallic 2.png
  artifactKey: Guid(a94ce357ed0012e4fa139af6829d593b) Importer(815301076,1909f56bfc062723c751e8b465ee728b)
Start importing Assets/Old Sea Port/textures/Bark_Grey_Metallic 2.png using Guid(a94ce357ed0012e4fa139af6829d593b) Importer(815301076,1909f56bfc062723c751e8b465ee728b)  -> (artifact id: 'a6fc42802c64a874d9077dcbaa3247f5') in 0.017640 seconds 
========================================================================
Received Import Request.
  Time since last request: 0.000018 seconds.
  path: Assets/Old Sea Port/textures/planks_1_Metallic 2.png
  artifactKey: Guid(d4f32d4cbb3702e48b4af45a1ba4f043) Importer(815301076,1909f56bfc062723c751e8b465ee728b)
Start importing Assets/Old Sea Port/textures/planks_1_Metallic 2.png using Guid(d4f32d4cbb3702e48b4af45a1ba4f043) Importer(815301076,1909f56bfc062723c751e8b465ee728b)  -> (artifact id: '04b2110255fe3d5e16d66d574109e5aa') in 0.014607 seconds 
========================================================================
Received Import Request.
  Time since last request: 0.000020 seconds.
  path: Assets/Old Sea Port/textures/Clouds Cookie.tif
  artifactKey: Guid(e1ab493fddd99c84db03d848f6778e97) Importer(815301076,1909f56bfc062723c751e8b465ee728b)
Start importing Assets/Old Sea Port/textures/Clouds Cookie.tif using Guid(e1ab493fddd99c84db03d848f6778e97) Importer(815301076,1909f56bfc062723c751e8b465ee728b)  -> (artifact id: '74a17b68806124be5ebfda1445c5babe') in 0.023104 seconds 
========================================================================
Received Import Request.
  Time since last request: 0.000023 seconds.
  path: Assets/Old Sea Port/textures/Generic_Metal_3.png
  artifactKey: Guid(aad4f261a7e759645bea7a21c20b02b6) Importer(815301076,1909f56bfc062723c751e8b465ee728b)
Start importing Assets/Old Sea Port/textures/Generic_Metal_3.png using Guid(aad4f261a7e759645bea7a21c20b02b6) Importer(815301076,1909f56bfc062723c751e8b465ee728b)  -> (artifact id: 'ae7e352e1e863279d92ce46674c57f93') in 0.016531 seconds 
========================================================================
Received Import Request.
  Time since last request: 0.000024 seconds.
  path: Assets/Old Sea Port/textures/Barrel_Metallic 2.png
  artifactKey: Guid(c394d5e62f0e19145b7e7fbe1b301a26) Importer(815301076,1909f56bfc062723c751e8b465ee728b)
Start importing Assets/Old Sea Port/textures/Barrel_Metallic 2.png using Guid(c394d5e62f0e19145b7e7fbe1b301a26) Importer(815301076,1909f56bfc062723c751e8b465ee728b)  -> (artifact id: 'aebd743bdb82f51f5113e9acbf7a413f') in 0.018480 seconds 
========================================================================
Received Import Request.
  Time since last request: 0.000045 seconds.
  path: Assets/Old Sea Port/textures/Brick_wall_normal.png
  artifactKey: Guid(aba0372edfc437b4e8a9003ecf26ca4f) Importer(815301076,1909f56bfc062723c751e8b465ee728b)
Start importing Assets/Old Sea Port/textures/Brick_wall_normal.png using Guid(aba0372edfc437b4e8a9003ecf26ca4f) Importer(815301076,1909f56bfc062723c751e8b465ee728b)  -> (artifact id: '8538db46f6b1563bc6966a3448e4dac0') in 0.020308 seconds 
========================================================================
Received Import Request.
  Time since last request: 0.000026 seconds.
  path: Assets/Old Sea Port/textures/branch_maple.png
  artifactKey: Guid(77a24ca2d6791064da084e1c5db814b6) Importer(815301076,1909f56bfc062723c751e8b465ee728b)
Start importing Assets/Old Sea Port/textures/branch_maple.png using Guid(77a24ca2d6791064da084e1c5db814b6) Importer(815301076,1909f56bfc062723c751e8b465ee728b)  -> (artifact id: 'ea40ae988b3e0c533f940ef2bee6318a') in 0.030493 seconds 
========================================================================
Received Import Request.
  Time since last request: 0.000038 seconds.
  path: Assets/Old Sea Port/textures/lamp_1.png
  artifactKey: Guid(228fb3413d913f949866ba77fe8dfe28) Importer(815301076,1909f56bfc062723c751e8b465ee728b)
Start importing Assets/Old Sea Port/textures/lamp_1.png using Guid(228fb3413d913f949866ba77fe8dfe28) Importer(815301076,1909f56bfc062723c751e8b465ee728b)  -> (artifact id: 'b48b8f5795c42b63bcbe47f28efcf6bc') in 0.017389 seconds 
========================================================================
Received Import Request.
  Time since last request: 0.000021 seconds.
  path: Assets/Old Sea Port/textures/Bark_Grey_Metallic.png
  artifactKey: Guid(ea1e2578b9b1cc2498accc121b043e0f) Importer(815301076,1909f56bfc062723c751e8b465ee728b)
Start importing Assets/Old Sea Port/textures/Bark_Grey_Metallic.png using Guid(ea1e2578b9b1cc2498accc121b043e0f) Importer(815301076,1909f56bfc062723c751e8b465ee728b)  -> (artifact id: '2175866c46f8fee12395b6b8c6d849ef') in 0.018020 seconds 
========================================================================
Received Import Request.
  Time since last request: 0.000025 seconds.
  path: Assets/Old Sea Port/textures/Rooftiles_normal.png
  artifactKey: Guid(3968a51f63f083440bb6cb07cba49d18) Importer(815301076,1909f56bfc062723c751e8b465ee728b)
Start importing Assets/Old Sea Port/textures/Rooftiles_normal.png using Guid(3968a51f63f083440bb6cb07cba49d18) Importer(815301076,1909f56bfc062723c751e8b465ee728b)  -> (artifact id: '7da35afd534a23d8bba9704d874fcfac') in 0.016309 seconds 
========================================================================
Received Import Request.
  Time since last request: 0.000023 seconds.
  path: Assets/Old Sea Port/textures/planks_1_Metallic.png
  artifactKey: Guid(5af8b9960606490438aa36ffda4b3c45) Importer(815301076,1909f56bfc062723c751e8b465ee728b)
Start importing Assets/Old Sea Port/textures/planks_1_Metallic.png using Guid(5af8b9960606490438aa36ffda4b3c45) Importer(815301076,1909f56bfc062723c751e8b465ee728b)  -> (artifact id: '6538645e53d1257313aa287ee7bcbad4') in 0.017072 seconds 
========================================================================
Received Import Request.
  Time since last request: 0.000019 seconds.
  path: Assets/Old Sea Port/textures/Brick_wall_1.png
  artifactKey: Guid(d5b0c3d98c949f64aacf75b764a72b9b) Importer(815301076,1909f56bfc062723c751e8b465ee728b)
Start importing Assets/Old Sea Port/textures/Brick_wall_1.png using Guid(d5b0c3d98c949f64aacf75b764a72b9b) Importer(815301076,1909f56bfc062723c751e8b465ee728b)  -> (artifact id: '976e37ca0efc2fc4e6ce7cff75a2b6e2') in 0.014869 seconds 
========================================================================
Received Import Request.
  Time since last request: 0.000024 seconds.
  path: Assets/Old Sea Port/textures/Canvas_Normal.png
  artifactKey: Guid(bbbacd6962f68d84db49ce9cc7c21e40) Importer(815301076,1909f56bfc062723c751e8b465ee728b)
Start importing Assets/Old Sea Port/textures/Canvas_Normal.png using Guid(bbbacd6962f68d84db49ce9cc7c21e40) Importer(815301076,1909f56bfc062723c751e8b465ee728b)  -> (artifact id: '329219d973166ae504b22ad38c4e86c2') in 0.018067 seconds 
========================================================================
Received Import Request.
  Time since last request: 0.000018 seconds.
  path: Assets/Old Sea Port/textures/dirt_1.png
  artifactKey: Guid(b075d48064d55484f8f593efb6941674) Importer(815301076,1909f56bfc062723c751e8b465ee728b)
Start importing Assets/Old Sea Port/textures/dirt_1.png using Guid(b075d48064d55484f8f593efb6941674) Importer(815301076,1909f56bfc062723c751e8b465ee728b)  -> (artifact id: 'c1f9cec2519431d4ee0395a8aab92bec') in 0.017655 seconds 
========================================================================
Received Import Request.
  Time since last request: 8.460547 seconds.
  path: Assets/Old Sea Port/EffectExamples/Shared/Prefabs/Metal.prefab
  artifactKey: Guid(560a71b792ff85a4ba8f839081f9a379) Importer(815301076,1909f56bfc062723c751e8b465ee728b)
Start importing Assets/Old Sea Port/EffectExamples/Shared/Prefabs/Metal.prefab using Guid(560a71b792ff85a4ba8f839081f9a379) Importer(815301076,1909f56bfc062723c751e8b465ee728b)  -> (artifact id: '4530b3d9d2f70c4cb975c10bca89088c') in 0.088968 seconds 
========================================================================
Received Import Request.
  Time since last request: 0.000033 seconds.
  path: Assets/Old Sea Port/EffectExamples/Shared/Prefabs/Sand.prefab
  artifactKey: Guid(ba43211ecc156be458125732de23ddb6) Importer(815301076,1909f56bfc062723c751e8b465ee728b)
Start importing Assets/Old Sea Port/EffectExamples/Shared/Prefabs/Sand.prefab using Guid(ba43211ecc156be458125732de23ddb6) Importer(815301076,1909f56bfc062723c751e8b465ee728b)  -> (artifact id: 'e8aac47cee32fa799f070424f5006e59') in 0.085666 seconds 
========================================================================
Received Import Request.
  Time since last request: 0.000020 seconds.
  path: Assets/Old Sea Port/EffectExamples/Shared/Prefabs/WaterFilled.prefab
  artifactKey: Guid(b3310980331fa134d82770127f640471) Importer(815301076,1909f56bfc062723c751e8b465ee728b)
Start importing Assets/Old Sea Port/EffectExamples/Shared/Prefabs/WaterFilled.prefab using Guid(b3310980331fa134d82770127f640471) Importer(815301076,1909f56bfc062723c751e8b465ee728b)  -> (artifact id: '4d5cb66c4919124c88d69cff946f08cb') in 0.024393 seconds 
========================================================================
Received Import Request.
  Time since last request: 4.219064 seconds.
  path: Assets/Old Sea Port/EffectExamples/Shared/Textures/CloudsNormals.tif
  artifactKey: Guid(8806362d7e9ad5141b23999ce01adc8c) Importer(815301076,1909f56bfc062723c751e8b465ee728b)
Start importing Assets/Old Sea Port/EffectExamples/Shared/Textures/CloudsNormals.tif using Guid(8806362d7e9ad5141b23999ce01adc8c) Importer(815301076,1909f56bfc062723c751e8b465ee728b)  -> (artifact id: '064f1c4bb14aac59d08d80669cc5963c') in 0.022786 seconds 
========================================================================
Received Import Request.
  Time since last request: 0.000022 seconds.
  path: Assets/Old Sea Port/EffectExamples/Shared/Textures/wood_tiled_02_n.tif
  artifactKey: Guid(43cfa3b308732c941a0fbb4334ecefcc) Importer(815301076,1909f56bfc062723c751e8b465ee728b)
Start importing Assets/Old Sea Port/EffectExamples/Shared/Textures/wood_tiled_02_n.tif using Guid(43cfa3b308732c941a0fbb4334ecefcc) Importer(815301076,1909f56bfc062723c751e8b465ee728b)  -> (artifact id: '5493f7164c67bcf39b12802026541c24') in 0.040236 seconds 
========================================================================
Received Import Request.
  Time since last request: 0.000023 seconds.
  path: Assets/Old Sea Port/EffectExamples/Shared/Textures/CloudsOcclusion.tif
  artifactKey: Guid(86ad23c623f950a4997067186e283be5) Importer(815301076,1909f56bfc062723c751e8b465ee728b)
Start importing Assets/Old Sea Port/EffectExamples/Shared/Textures/CloudsOcclusion.tif using Guid(86ad23c623f950a4997067186e283be5) Importer(815301076,1909f56bfc062723c751e8b465ee728b)  -> (artifact id: 'a022fe7668eddf37833e80af5868728d') in 0.021894 seconds 
========================================================================
Received Import Request.
  Time since last request: 0.000039 seconds.
  path: Assets/Old Sea Port/EffectExamples/Shared/Textures/DustPuffSmallParticleSheet.png
  artifactKey: Guid(1c1f5fdffb8c5a944a978e8debb8fdfe) Importer(815301076,1909f56bfc062723c751e8b465ee728b)
Start importing Assets/Old Sea Port/EffectExamples/Shared/Textures/DustPuffSmallParticleSheet.png using Guid(1c1f5fdffb8c5a944a978e8debb8fdfe) Importer(815301076,1909f56bfc062723c751e8b465ee728b)  -> (artifact id: '205b589b22347992672a7cc8049a7e02') in 0.055025 seconds 
========================================================================
Received Import Request.
  Time since last request: 6.411515 seconds.
  path: Assets/Old Sea Port/prefabs/boat_2.prefab
  artifactKey: Guid(827102f6dfdb671428e2504c7680aeea) Importer(815301076,1909f56bfc062723c751e8b465ee728b)
Start importing Assets/Old Sea Port/prefabs/boat_2.prefab using Guid(827102f6dfdb671428e2504c7680aeea) Importer(815301076,1909f56bfc062723c751e8b465ee728b)  -> (artifact id: 'dce1858cc885988a5a3267f803df30d3') in 0.065254 seconds 
========================================================================
Received Import Request.
  Time since last request: 0.000026 seconds.
  path: Assets/Old Sea Port/prefabs/stairs_wood_spiral.prefab
  artifactKey: Guid(8f2ca0f54f293944f98bea8d9cdb2ceb) Importer(815301076,1909f56bfc062723c751e8b465ee728b)
Start importing Assets/Old Sea Port/prefabs/stairs_wood_spiral.prefab using Guid(8f2ca0f54f293944f98bea8d9cdb2ceb) Importer(815301076,1909f56bfc062723c751e8b465ee728b)  -> (artifact id: 'bb53208b22ffd8108a29a57df46f36fa') in 0.032387 seconds 
========================================================================
Received Import Request.
  Time since last request: 0.000023 seconds.
  path: Assets/Old Sea Port/prefabs/building_segment_3.prefab
  artifactKey: Guid(dee3db12ee2f57c41af34c16d2fde197) Importer(815301076,1909f56bfc062723c751e8b465ee728b)
Start importing Assets/Old Sea Port/prefabs/building_segment_3.prefab using Guid(dee3db12ee2f57c41af34c16d2fde197) Importer(815301076,1909f56bfc062723c751e8b465ee728b)  -> (artifact id: 'f4439461f8e29637327a8db187d753ca') in 0.027997 seconds 
========================================================================
Received Import Request.
  Time since last request: 0.000023 seconds.
  path: Assets/Old Sea Port/prefabs/Rain.prefab
  artifactKey: Guid(fed5f9582b6829c43a0d1459a97de74d) Importer(815301076,1909f56bfc062723c751e8b465ee728b)
Start importing Assets/Old Sea Port/prefabs/Rain.prefab using Guid(fed5f9582b6829c43a0d1459a97de74d) Importer(815301076,1909f56bfc062723c751e8b465ee728b)  -> (artifact id: 'a63171180ea20743d2e5c1a32dd2a684') in 0.022512 seconds 
========================================================================
Received Import Request.
  Time since last request: 0.000030 seconds.
  path: Assets/Old Sea Port/prefabs/tower.prefab
  artifactKey: Guid(cc1d1788a682d5048af84a0fc6178911) Importer(815301076,1909f56bfc062723c751e8b465ee728b)
Start importing Assets/Old Sea Port/prefabs/tower.prefab using Guid(cc1d1788a682d5048af84a0fc6178911) Importer(815301076,1909f56bfc062723c751e8b465ee728b)  -> (artifact id: 'efd0759b6e87b6f46bb31b89bba429e8') in 0.025299 seconds 
========================================================================
Received Import Request.
  Time since last request: 0.000071 seconds.
  path: Assets/Old Sea Port/prefabs/fireplace.prefab
  artifactKey: Guid(1bf9bc82a9760b2488a711e79d36551e) Importer(815301076,1909f56bfc062723c751e8b465ee728b)
Start importing Assets/Old Sea Port/prefabs/fireplace.prefab using Guid(1bf9bc82a9760b2488a711e79d36551e) Importer(815301076,1909f56bfc062723c751e8b465ee728b)  -> (artifact id: 'dd098692cf2d369e6691d69306a330ae') in 0.024872 seconds 
========================================================================
Received Import Request.
  Time since last request: 0.000020 seconds.
  path: Assets/Old Sea Port/prefabs/fence_gate.prefab
  artifactKey: Guid(5cd829d670d42cf458be57a99ad05bf4) Importer(815301076,1909f56bfc062723c751e8b465ee728b)
Start importing Assets/Old Sea Port/prefabs/fence_gate.prefab using Guid(5cd829d670d42cf458be57a99ad05bf4) Importer(815301076,1909f56bfc062723c751e8b465ee728b)  -> (artifact id: 'd6965d55ed402893cdc4e15a76011a45') in 0.040955 seconds 
========================================================================
Received Import Request.
  Time since last request: 0.000023 seconds.
  path: Assets/Old Sea Port/prefabs/hammer.prefab
  artifactKey: Guid(4c5f317e11e66414bba628410251d90c) Importer(815301076,1909f56bfc062723c751e8b465ee728b)
Start importing Assets/Old Sea Port/prefabs/hammer.prefab using Guid(4c5f317e11e66414bba628410251d90c) Importer(815301076,1909f56bfc062723c751e8b465ee728b)  -> (artifact id: '954613a0aad37bab514badb9fdf79d84') in 0.032356 seconds 
========================================================================
Received Import Request.
  Time since last request: 0.000141 seconds.
  path: Assets/Old Sea Port/prefabs/mooring_rope_holder_2.prefab
  artifactKey: Guid(18330cc3c640eb24b8c54a9b5f2e5f22) Importer(815301076,1909f56bfc062723c751e8b465ee728b)
Start importing Assets/Old Sea Port/prefabs/mooring_rope_holder_2.prefab using Guid(18330cc3c640eb24b8c54a9b5f2e5f22) Importer(815301076,1909f56bfc062723c751e8b465ee728b)  -> (artifact id: '70fd067dc49c336191f77568b5a2f6f9') in 0.018785 seconds 
========================================================================
Received Import Request.
  Time since last request: 0.000024 seconds.
  path: Assets/Old Sea Port/prefabs/post_2.prefab
  artifactKey: Guid(c8b19df230669df4eb91d90849f0c80a) Importer(815301076,1909f56bfc062723c751e8b465ee728b)
Start importing Assets/Old Sea Port/prefabs/post_2.prefab using Guid(c8b19df230669df4eb91d90849f0c80a) Importer(815301076,1909f56bfc062723c751e8b465ee728b)  -> (artifact id: '91094604dd290c5c97cc568ff7b7ad22') in 0.021170 seconds 
========================================================================
Received Import Request.
  Time since last request: 0.000027 seconds.
  path: Assets/Old Sea Port/prefabs/brick_wall_1.prefab
  artifactKey: Guid(ad8fe0235a8670d4c83f451033ac0a20) Importer(815301076,1909f56bfc062723c751e8b465ee728b)
Start importing Assets/Old Sea Port/prefabs/brick_wall_1.prefab using Guid(ad8fe0235a8670d4c83f451033ac0a20) Importer(815301076,1909f56bfc062723c751e8b465ee728b)  -> (artifact id: '1dab1ce1aa4f36071e7812955e76b53d') in 0.026217 seconds 
========================================================================
Received Import Request.
  Time since last request: 0.000032 seconds.
  path: Assets/Old Sea Port/prefabs/crate_2.prefab
  artifactKey: Guid(9f35541b213a65340a8e088b7f3ab551) Importer(815301076,1909f56bfc062723c751e8b465ee728b)
Start importing Assets/Old Sea Port/prefabs/crate_2.prefab using Guid(9f35541b213a65340a8e088b7f3ab551) Importer(815301076,1909f56bfc062723c751e8b465ee728b)  -> (artifact id: '70bb51cead9325896aecf4ad66ff9cd4') in 0.022519 seconds 
========================================================================
Received Import Request.
  Time since last request: 0.000032 seconds.
  path: Assets/Old Sea Port/prefabs/Old Sea Port_Tree.prefab
  artifactKey: Guid(060de24b039008143aa190133e1fb8e7) Importer(815301076,1909f56bfc062723c751e8b465ee728b)
Start importing Assets/Old Sea Port/prefabs/Old Sea Port_Tree.prefab using Guid(060de24b039008143aa190133e1fb8e7) Importer(815301076,1909f56bfc062723c751e8b465ee728b)  -> (artifact id: '90dfa96d33056e3f29a96a568b58fe67') in 0.023213 seconds 
========================================================================
Received Import Request.
  Time since last request: 0.000025 seconds.
  path: Assets/Old Sea Port/prefabs/building_segment_5.prefab
  artifactKey: Guid(8fb5db1b50a4ab341a6b80aff9aa352c) Importer(815301076,1909f56bfc062723c751e8b465ee728b)
Start importing Assets/Old Sea Port/prefabs/building_segment_5.prefab using Guid(8fb5db1b50a4ab341a6b80aff9aa352c) Importer(815301076,1909f56bfc062723c751e8b465ee728b)  -> (artifact id: '574d7f0d71c95bd7ebd7f34e65567f67') in 0.022711 seconds 
========================================================================
Received Import Request.
  Time since last request: 76.285946 seconds.
  path: Assets/Old Sea Port/Water/Stream_Detail_Normals.png
  artifactKey: Guid(f366779a17f54444485071fb5eab8ce2) Importer(815301076,1909f56bfc062723c751e8b465ee728b)
Start importing Assets/Old Sea Port/Water/Stream_Detail_Normals.png using Guid(f366779a17f54444485071fb5eab8ce2) Importer(815301076,1909f56bfc062723c751e8b465ee728b)  -> (artifact id: '059526259e659458c8c540b5f7a94096') in 0.013853 seconds 
========================================================================
Received Import Request.
  Time since last request: 6.647719 seconds.
  path: Assets/Old Sea Port/Skyboxes/Textures/Eerie/Eerie_down.tif
  artifactKey: Guid(8ca0735e520b5fc40a4e41b42fc288ea) Importer(815301076,1909f56bfc062723c751e8b465ee728b)
Start importing Assets/Old Sea Port/Skyboxes/Textures/Eerie/Eerie_down.tif using Guid(8ca0735e520b5fc40a4e41b42fc288ea) Importer(815301076,1909f56bfc062723c751e8b465ee728b)  -> (artifact id: '86368a4d29318ccfa8815bfe06334a24') in 0.039351 seconds 
========================================================================
Received Import Request.
  Time since last request: 0.000018 seconds.
  path: Assets/Old Sea Port/Skyboxes/Textures/Eerie/Eerie_right.tif
  artifactKey: Guid(67de91b5513a4d8489588fb65de75caa) Importer(815301076,1909f56bfc062723c751e8b465ee728b)
Start importing Assets/Old Sea Port/Skyboxes/Textures/Eerie/Eerie_right.tif using Guid(67de91b5513a4d8489588fb65de75caa) Importer(815301076,1909f56bfc062723c751e8b465ee728b)  -> (artifact id: 'd6f3fb42aaa5ac383fbe36dee881d92b') in 0.041096 seconds 
========================================================================
Received Import Request.
  Time since last request: 0.000017 seconds.
  path: Assets/Old Sea Port/Skyboxes/Textures/Eerie/Eerie_up.tif
  artifactKey: Guid(2c93b54a9ce1c314b809b4c11cf9cdb6) Importer(815301076,1909f56bfc062723c751e8b465ee728b)
Start importing Assets/Old Sea Port/Skyboxes/Textures/Eerie/Eerie_up.tif using Guid(2c93b54a9ce1c314b809b4c11cf9cdb6) Importer(815301076,1909f56bfc062723c751e8b465ee728b)  -> (artifact id: '9ead1f34a8480ff910005f407ea585b5') in 0.042483 seconds 
Editor requested this worker to shutdown with reason: Scaling down because of idle timeout
AssetImportWorker is now disconnected from the server
Process exiting
Exiting without the bug reporter. Application will terminate with return code 0